This file contains any messages produced by compilers while
running configure, to aid debugging if configure makes a mistake.

It was created by configure, which was
generated by GNU Autoconf 2.61.  Invocation command line was

  $ ./configure 

## --------- ##
## Platform. ##
## --------- ##

hostname = Lees-MacBook-Pro.local
uname -m = x86_64
uname -r = 18.5.0
uname -s = Darwin
uname -v = Darwin Kernel Version 18.5.0: Mon Mar 11 20:40:32 PDT 2019; root:xnu-4903.251.3~3/RELEASE_X86_64

/usr/bin/uname -p = i386
/bin/uname -X     = unknown

/bin/arch              = unknown
/usr/bin/arch -k       = unknown
/usr/convex/getsysinfo = unknown
/usr/bin/hostinfo      = Mach kernel version:
	 Darwin Kernel Version 18.5.0: Mon Mar 11 20:40:32 PDT 2019; root:xnu-4903.251.3~3/RELEASE_X86_64
Kernel configured for up to 4 processors.
2 processors are physically available.
4 processors are logically available.
Processor type: x86_64h (Intel x86-64h Haswell)
Processors active: 0 1 2 3
Primary memory available: 8.00 gigabytes
Default processor set: 332 tasks, 1552 threads, 4 processors
Load average: 4.43, Mach factor: 1.00
/bin/machine           = unknown
/usr/bin/oslevel       = unknown
/bin/universe          = unknown

PATH: /opt/local/bin
PATH: /opt/local/sbin
PATH: /usr/local/opt/icu4c/sbin
PATH: /usr/local/opt/icu4c/bin
PATH: /usr/local/bin
PATH: /usr/bin
PATH: /bin
PATH: /usr/sbin
PATH: /sbin
PATH: /Library/TeX/texbin
PATH: /opt/X11/bin


## ----------- ##
## Core tests. ##
## ----------- ##

configure:1686: result: Info : .cpp used as extension for tests
configure:1705: checking for boost main tree
configure:1746: result: ./../..
configure:1821: checking for g++
configure:1837: found /usr/bin/g++
configure:1848: result: g++
configure:1879: checking for C++ compiler version
configure:1886: g++ --version >&5
Configured with: --prefix=/Applications/Xcode.app/Contents/Developer/usr --with-gxx-include-dir=/Applications/Xcode.app/Contents/Developer/Platforms/MacOSX.platform/Developer/SDKs/MacOSX10.14.sdk/usr/include/c++/4.2.1
Apple LLVM version 10.0.1 (clang-1001.0.46.4)
Target: x86_64-apple-darwin18.5.0
Thread model: posix
InstalledDir: /Applications/Xcode.app/Contents/Developer/Toolchains/XcodeDefault.xctoolchain/usr/bin
configure:1889: $? = 0
configure:1896: g++ -v >&5
Configured with: --prefix=/Applications/Xcode.app/Contents/Developer/usr --with-gxx-include-dir=/Applications/Xcode.app/Contents/Developer/Platforms/MacOSX.platform/Developer/SDKs/MacOSX10.14.sdk/usr/include/c++/4.2.1
Apple LLVM version 10.0.1 (clang-1001.0.46.4)
Target: x86_64-apple-darwin18.5.0
Thread model: posix
InstalledDir: /Applications/Xcode.app/Contents/Developer/Toolchains/XcodeDefault.xctoolchain/usr/bin
configure:1899: $? = 0
configure:1906: g++ -V >&5
clang: error: unsupported option '-V -Wno-atomic-implicit-seq-cst'
clang: error: no input files
configure:1909: $? = 1
configure:1932: checking for C++ compiler default output file name
configure:1959: g++    conftest.cpp  >&5
configure:1962: $? = 0
configure:2000: result: a.out
configure:2017: checking whether the C++ compiler works
configure:2027: ./a.out
configure:2030: $? = 0
configure:2047: result: yes
configure:2054: checking whether we are cross compiling
configure:2056: result: no
configure:2059: checking for suffix of executables
configure:2066: g++ -o conftest    conftest.cpp  >&5
configure:2069: $? = 0
configure:2093: result: 
configure:2099: checking for suffix of object files
configure:2125: g++ -c   conftest.cpp >&5
configure:2128: $? = 0
configure:2151: result: o
configure:2155: checking whether we are using the GNU C++ compiler
configure:2184: g++ -c   conftest.cpp >&5
configure:2190: $? = 0
configure:2207: result: yes
configure:2212: checking whether g++ accepts -g
configure:2242: g++ -c -g  conftest.cpp >&5
configure:2248: $? = 0
configure:2347: result: yes
configure:2396: checking for pthread_exit in -lpthread
configure:2431: g++ -o conftest -I./../.. -I./../../libs/config/test -g -O2 -DBOOST_NO_CONFIG   conftest.cpp -lpthread   >&5
configure:2437: $? = 0
configure:2455: result: yes
configure:2467: checking for cos in -lm
configure:2502: g++ -o conftest -I./../.. -I./../../libs/config/test -g -O2 -DBOOST_NO_CONFIG   conftest.cpp -lm  -lpthread  >&5
configure:2508: $? = 0
configure:2526: result: yes
configure:2538: checking for clock in -lrt
configure:2573: g++ -o conftest -I./../.. -I./../../libs/config/test -g -O2 -DBOOST_NO_CONFIG   conftest.cpp -lrt  -lm -lpthread  >&5
ld: library not found for -lrt
clang: error: linker command failed with exit code 1 (use -v to see invocation)
configure:2579: $? = 1
configure: failed program was:
| /* confdefs.h.  */
| #define PACKAGE_NAME ""
| #define PACKAGE_TARNAME ""
| #define PACKAGE_VERSION ""
| #define PACKAGE_STRING ""
| #define PACKAGE_BUGREPORT ""
| #define HAVE_LIBPTHREAD 1
| #define HAVE_LIBM 1
| /* end confdefs.h.  */
| 
| /* Override any GCC internal prototype to avoid an error.
|    Use char because int might match the return type of a GCC
|    builtin and then its argument prototype would still apply.  */
| #ifdef __cplusplus
| extern "C"
| #endif
| char clock ();
| int
| main ()
| {
| return clock ();
|   ;
|   return 0;
| }
configure:2597: result: no
configure:2630: checking Working ADL barriers. 
configure:2665: g++ -o conftest -I./../.. -I./../../libs/config/test -g -O2 -DBOOST_NO_CONFIG   conftest.cpp -lm -lpthread  >&5
configure:2668: $? = 0
configure:2674: ./conftest
configure:2677: $? = 0
configure:2679: result: OK
configure:2630: checking Koenig lookup 
configure:2665: g++ -o conftest -I./../.. -I./../../libs/config/test -g -O2 -DBOOST_NO_CONFIG   conftest.cpp -lm -lpthread  >&5
configure:2668: $? = 0
configure:2674: ./conftest
configure:2677: $? = 0
configure:2679: result: OK
configure:2630: checking template specialisations of array types 
configure:2665: g++ -o conftest -I./../.. -I./../../libs/config/test -g -O2 -DBOOST_NO_CONFIG   conftest.cpp -lm -lpthread  >&5
configure:2668: $? = 0
configure:2674: ./conftest
configure:2677: $? = 0
configure:2679: result: OK
configure:2630: checking C++0x auto declarators unavailable 
configure:2665: g++ -o conftest -I./../.. -I./../../libs/config/test -g -O2 -DBOOST_NO_CONFIG   conftest.cpp -lm -lpthread  >&5
In file included from conftest.cpp:15:
./../../libs/config/test/boost_no_auto_declarations.ipp:21:4: warning: 'auto' type specifier is a C++11 extension [-Wc++11-extensions]
   auto x = static_cast<short>(10);
   ^
1 warning generated.
configure:2668: $? = 0
configure:2674: ./conftest
configure:2677: $? = 0
configure:2679: result: OK
configure:2630: checking C++0x auto multideclarators unavailable 
configure:2665: g++ -o conftest -I./../.. -I./../../libs/config/test -g -O2 -DBOOST_NO_CONFIG   conftest.cpp -lm -lpthread  >&5
In file included from conftest.cpp:15:
./../../libs/config/test/boost_no_auto_multidecl.ipp:21:4: warning: 'auto' type specifier is a C++11 extension [-Wc++11-extensions]
   auto x = static_cast<short>(10), *y = &x;
   ^
1 warning generated.
configure:2668: $? = 0
configure:2674: ./conftest
configure:2677: $? = 0
configure:2679: result: OK
configure:2630: checking std::auto_ptr 
configure:2665: g++ -o conftest -I./../.. -I./../../libs/config/test -g -O2 -DBOOST_NO_CONFIG   conftest.cpp -lm -lpthread  >&5
configure:2668: $? = 0
configure:2674: ./conftest
configure:2677: $? = 0
configure:2679: result: OK
configure:2630: checking Full partial specialization support. 
configure:2665: g++ -o conftest -I./../.. -I./../../libs/config/test -g -O2 -DBOOST_NO_CONFIG   conftest.cpp -lm -lpthread  >&5
configure:2668: $? = 0
configure:2674: ./conftest
configure:2677: $? = 0
configure:2679: result: OK
configure:2630: checking C++0x char16_t unavailable 
configure:2665: g++ -o conftest -I./../.. -I./../../libs/config/test -g -O2 -DBOOST_NO_CONFIG   conftest.cpp -lm -lpthread  >&5
configure:2668: $? = 0
configure:2674: ./conftest
configure:2677: $? = 0
configure:2679: result: OK
configure:2630: checking C++0x char32_t unavailable 
configure:2665: g++ -o conftest -I./../.. -I./../../libs/config/test -g -O2 -DBOOST_NO_CONFIG   conftest.cpp -lm -lpthread  >&5
configure:2668: $? = 0
configure:2674: ./conftest
configure:2677: $? = 0
configure:2679: result: OK
configure:2630: checking No complete value-initialization 
configure:2665: g++ -o conftest -I./../.. -I./../../libs/config/test -g -O2 -DBOOST_NO_CONFIG   conftest.cpp -lm -lpthread  >&5
configure:2668: $? = 0
configure:2674: ./conftest
configure:2677: $? = 0
configure:2679: result: OK
configure:2630: checking C++0x constexpr unavailable 
configure:2665: g++ -o conftest -I./../.. -I./../../libs/config/test -g -O2 -DBOOST_NO_CONFIG   conftest.cpp -lm -lpthread  >&5
In file included from conftest.cpp:15:
./../../libs/config/test/boost_no_constexpr.ipp:17:1: error: unknown type name 'constexpr'
constexpr int square(int x) { return x * x; }  // from N2235
^
./../../libs/config/test/boost_no_constexpr.ipp:17:11: error: expected unqualified-id
constexpr int square(int x) { return x * x; }  // from N2235
          ^
./../../libs/config/test/boost_no_constexpr.ipp:20:1: error: unknown type name 'constexpr'
constexpr const int* addr(const int& ir) { return &ir; }
^
./../../libs/config/test/boost_no_constexpr.ipp:20:11: error: expected unqualified-id
constexpr const int* addr(const int& ir) { return &ir; }
          ^
./../../libs/config/test/boost_no_constexpr.ipp:22:1: error: unknown type name 'constexpr'
constexpr const int* xp = addr(x);
^
./../../libs/config/test/boost_no_constexpr.ipp:22:11: error: expected unqualified-id
constexpr const int* xp = addr(x);
          ^
./../../libs/config/test/boost_no_constexpr.ipp:26:4: error: unknown type name 'constexpr'
   constexpr A(int i) : val(i) { }
   ^
./../../libs/config/test/boost_no_constexpr.ipp:26:14: error: constructor cannot have a return type
   constexpr A(int i) : val(i) { }
             ^
./../../libs/config/test/boost_no_constexpr.ipp:27:4: error: unknown type name 'constexpr'
   constexpr operator int()const { return val; }
   ^
./../../libs/config/test/boost_no_constexpr.ipp:28:4: error: unknown type name 'constexpr'
   constexpr operator long()const { return 43; }
   ^
./../../libs/config/test/boost_no_constexpr.ipp:35:1: error: unknown type name 'constexpr'
constexpr const A a = 42;
^
./../../libs/config/test/boost_no_constexpr.ipp:35:11: error: expected unqualified-id
constexpr const A a = 42;
          ^
./../../libs/config/test/boost_no_constexpr.ipp:37:3: error: use of undeclared identifier 'a'
X<a> xx; // OK: unique conversion to int
  ^
./../../libs/config/test/boost_no_constexpr.ipp:46:4: error: unknown type name 'constexpr'
   constexpr C() {}
   ^
./../../libs/config/test/boost_no_constexpr.ipp:46:14: error: constructor cannot have a return type
   constexpr C() {}
             ^
./../../libs/config/test/boost_no_constexpr.ipp:53:4: error: unknown type name 'constexpr'
   constexpr D() : val() {}
   ^
./../../libs/config/test/boost_no_constexpr.ipp:53:14: error: constructor cannot have a return type
   constexpr D() : val() {}
             ^
./../../libs/config/test/boost_no_constexpr.ipp:63:1: error: unknown type name 'constexpr'
constexpr F& f(F& out) { return out; }
^
./../../libs/config/test/boost_no_constexpr.ipp:63:12: error: expected ';' after top level declarator
constexpr F& f(F& out) { return out; }
           ^
           ;
fatal error: too many errors emitted, stopping now [-ferror-limit=]
20 errors generated.
configure:2668: $? = 1
configure: program exited with status 1
configure: failed program was:
| /* confdefs.h.  */
| #define PACKAGE_NAME ""
| #define PACKAGE_TARNAME ""
| #define PACKAGE_VERSION ""
| #define PACKAGE_STRING ""
| #define PACKAGE_BUGREPORT ""
| #define HAVE_LIBPTHREAD 1
| #define HAVE_LIBM 1
| /* end confdefs.h.  */
| 
| #include <boost/config.hpp>
| #include "test.hpp"
| 
| #if !defined(BOOST_NO_CXX11_CONSTEXPR) || defined(BOOST_NO_CONFIG)
| #include "boost_no_constexpr.ipp"
| #else
| namespace boost_no_cxx11_constexpr = empty_boost;
| #endif
| 
| int main(){ return boost_no_cxx11_constexpr::test(); }
| 
configure:2688: result: Failed
configure:2630: checking functions in <ctype.h> 
configure:2665: g++ -o conftest -I./../.. -I./../../libs/config/test -g -O2 -DBOOST_NO_CONFIG   conftest.cpp -lm -lpthread  >&5
configure:2668: $? = 0
configure:2674: ./conftest
configure:2677: $? = 0
configure:2679: result: OK
configure:2630: checking template specialisations of cv-qualified types 
configure:2665: g++ -o conftest -I./../.. -I./../../libs/config/test -g -O2 -DBOOST_NO_CONFIG   conftest.cpp -lm -lpthread  >&5
configure:2668: $? = 0
configure:2674: ./conftest
configure:2677: $? = 0
configure:2679: result: OK
configure:2630: checking template specialisations of cv-qualified void 
configure:2665: g++ -o conftest -I./../.. -I./../../libs/config/test -g -O2 -DBOOST_NO_CONFIG   conftest.cpp -lm -lpthread  >&5
configure:2668: $? = 0
configure:2674: ./conftest
configure:2677: $? = 0
configure:2679: result: OK
configure:2630: checking <wchar.h> and <cwchar> 
configure:2665: g++ -o conftest -I./../.. -I./../../libs/config/test -g -O2 -DBOOST_NO_CONFIG   conftest.cpp -lm -lpthread  >&5
configure:2668: $? = 0
configure:2674: ./conftest
configure:2677: $? = 0
configure:2679: result: OK
configure:2630: checking <wctype.h> and <cwctype> 
configure:2665: g++ -o conftest -I./../.. -I./../../libs/config/test -g -O2 -DBOOST_NO_CONFIG   conftest.cpp -lm -lpthread  >&5
configure:2668: $? = 0
configure:2674: ./conftest
configure:2677: $? = 0
configure:2679: result: OK
configure:2630: checking C++11 <memory> doesn't have a working std::addressof 
configure:2665: g++ -o conftest -I./../.. -I./../../libs/config/test -g -O2 -DBOOST_NO_CONFIG   conftest.cpp -lm -lpthread  >&5
configure:2668: $? = 0
configure:2674: ./conftest
configure:2677: $? = 0
configure:2679: result: OK
configure:2630: checking C++11 alignas keyword. 
configure:2665: g++ -o conftest -I./../.. -I./../../libs/config/test -g -O2 -DBOOST_NO_CONFIG   conftest.cpp -lm -lpthread  >&5
In file included from conftest.cpp:15:
./../../libs/config/test/boost_no_cxx11_alignas.ipp:15:16: error: expected unqualified-id
struct alignas(16) my_data1
               ^
./../../libs/config/test/boost_no_cxx11_alignas.ipp:15:16: error: expected ')'
./../../libs/config/test/boost_no_cxx11_alignas.ipp:15:15: note: to match this '('
struct alignas(16) my_data1
              ^
./../../libs/config/test/boost_no_cxx11_alignas.ipp:20:16: error: expected unqualified-id
struct alignas(double) my_data2
               ^
./../../libs/config/test/boost_no_cxx11_alignas.ipp:20:16: error: expected ')'
./../../libs/config/test/boost_no_cxx11_alignas.ipp:20:15: note: to match this '('
struct alignas(double) my_data2
              ^
./../../libs/config/test/boost_no_cxx11_alignas.ipp:25:1: error: unknown type name 'my_data1'
my_data1 dummy1[2];
^
./../../libs/config/test/boost_no_cxx11_alignas.ipp:26:1: error: unknown type name 'my_data2'
my_data2 dummy2;
^
./../../libs/config/test/boost_no_cxx11_alignas.ipp:27:9: error: expected unqualified-id
alignas(16) char dummy3[10];
        ^
./../../libs/config/test/boost_no_cxx11_alignas.ipp:27:9: error: expected ')'
./../../libs/config/test/boost_no_cxx11_alignas.ipp:27:8: note: to match this '('
alignas(16) char dummy3[10];
       ^
./../../libs/config/test/boost_no_cxx11_alignas.ipp:28:9: error: expected unqualified-id
alignas(double) char dummy4[32];
        ^
./../../libs/config/test/boost_no_cxx11_alignas.ipp:28:9: error: expected ')'
./../../libs/config/test/boost_no_cxx11_alignas.ipp:28:8: note: to match this '('
alignas(double) char dummy4[32];
       ^
10 errors generated.
configure:2668: $? = 1
configure: program exited with status 1
configure: failed program was:
| /* confdefs.h.  */
| #define PACKAGE_NAME ""
| #define PACKAGE_TARNAME ""
| #define PACKAGE_VERSION ""
| #define PACKAGE_STRING ""
| #define PACKAGE_BUGREPORT ""
| #define HAVE_LIBPTHREAD 1
| #define HAVE_LIBM 1
| /* end confdefs.h.  */
| 
| #include <boost/config.hpp>
| #include "test.hpp"
| 
| #if !defined(BOOST_NO_CXX11_ALIGNAS) || defined(BOOST_NO_CONFIG)
| #include "boost_no_cxx11_alignas.ipp"
| #else
| namespace boost_no_cxx11_alignas = empty_boost;
| #endif
| 
| int main(){ return boost_no_cxx11_alignas::test(); }
| 
configure:2688: result: Failed
configure:2630: checking C++11 <memory> doesn't have C++0x allocator support 
configure:2665: g++ -o conftest -I./../.. -I./../../libs/config/test -g -O2 -DBOOST_NO_CONFIG   conftest.cpp -lm -lpthread  >&5
In file included from conftest.cpp:15:
./../../libs/config/test/boost_no_cxx11_allocator.ipp:32:69: error: no matching constructor for initialization of 'std::allocator_traits<std::allocator<int> >::rebind_alloc<void *>'
   std::allocator_traits<std::allocator<int> >::rebind_alloc<void*> ra(ia);
                                                                    ^  ~~
/Applications/Xcode.app/Contents/Developer/Toolchains/XcodeDefault.xctoolchain/usr/include/c++/v1/memory:1538:33: note: candidate constructor (the implicit copy constructor) not viable: no known conversion from 'std::allocator<int>' to 'const std::__1::allocator_traits<std::__1::allocator<int> >::rebind_alloc<void *>' for 1st argument
    template <class _Tp> struct rebind_alloc
                                ^
/Applications/Xcode.app/Contents/Developer/Toolchains/XcodeDefault.xctoolchain/usr/include/c++/v1/memory:1538:33: note: candidate constructor (the implicit default constructor) not viable: requires 0 arguments, but 1 was provided
In file included from conftest.cpp:15:
./../../libs/config/test/boost_no_cxx11_allocator.ipp:34:4: error: no type named 'pointer' in 'std::__1::allocator_traits<std::__1::allocator<int> >::rebind_traits<void *>'; did you mean 'std::allocator_traits<allocator<int> >::pointer'?
   std::allocator_traits<std::allocator<int> >::rebind_traits<void*>::pointer pt;
   ^~~~~~~~~~~~~~~~~~~~~~~~~~~~~~~~~~~~~~~~~~~~~~~~~~~~~~~~~~~~~~~~~~~~~~~~~~
   std::allocator_traits<allocator<int> >::pointer
/Applications/Xcode.app/Contents/Developer/Toolchains/XcodeDefault.xctoolchain/usr/include/c++/v1/memory:1516:71: note: 'std::allocator_traits<allocator<int> >::pointer' declared here
    typedef typename __pointer_type<value_type, allocator_type>::type pointer;
                                                                      ^
2 errors generated.
configure:2668: $? = 1
configure: program exited with status 1
configure: failed program was:
| /* confdefs.h.  */
| #define PACKAGE_NAME ""
| #define PACKAGE_TARNAME ""
| #define PACKAGE_VERSION ""
| #define PACKAGE_STRING ""
| #define PACKAGE_BUGREPORT ""
| #define HAVE_LIBPTHREAD 1
| #define HAVE_LIBM 1
| /* end confdefs.h.  */
| 
| #include <boost/config.hpp>
| #include "test.hpp"
| 
| #if !defined(BOOST_NO_CXX11_ALLOCATOR) || defined(BOOST_NO_CONFIG)
| #include "boost_no_cxx11_allocator.ipp"
| #else
| namespace boost_no_cxx11_allocator = empty_boost;
| #endif
| 
| int main(){ return boost_no_cxx11_allocator::test(); }
| 
configure:2688: result: Failed
configure:2630: checking C++11 <memory> does not support atomic smart pointer operations 
configure:2665: g++ -o conftest -I./../.. -I./../../libs/config/test -g -O2 -DBOOST_NO_CONFIG   conftest.cpp -lm -lpthread  >&5
configure:2668: $? = 0
configure:2674: ./conftest
configure:2677: $? = 0
configure:2679: result: OK
configure:2630: checking C++0x defaulting of move constructor/assignment unavailable 
configure:2665: g++ -o conftest -I./../.. -I./../../libs/config/test -g -O2 -DBOOST_NO_CONFIG   conftest.cpp -lm -lpthread  >&5
In file included from conftest.cpp:15:
./../../libs/config/test/boost_no_cxx11_defaulted_moves.ipp:16:12: warning: rvalue references are a C++11 extension [-Wc++11-extensions]
    foo(foo&&) = default;
           ^
./../../libs/config/test/boost_no_cxx11_defaulted_moves.ipp:16:18: warning: defaulted function definitions are a C++11 extension [-Wc++11-extensions]
    foo(foo&&) = default;
                 ^
./../../libs/config/test/boost_no_cxx11_defaulted_moves.ipp:17:23: warning: rvalue references are a C++11 extension [-Wc++11-extensions]
    foo& operator=(foo&&) = default;
                      ^
./../../libs/config/test/boost_no_cxx11_defaulted_moves.ipp:17:29: warning: defaulted function definitions are a C++11 extension [-Wc++11-extensions]
    foo& operator=(foo&&) = default;
                            ^
4 warnings generated.
configure:2668: $? = 0
configure:2674: ./conftest
configure:2677: $? = 0
configure:2679: result: OK
configure:2630: checking C++11 final class-virt-specifier 
configure:2665: g++ -o conftest -I./../.. -I./../../libs/config/test -g -O2 -DBOOST_NO_CONFIG   conftest.cpp -lm -lpthread  >&5
In file included from conftest.cpp:15:
./../../libs/config/test/boost_no_cxx11_final.ipp:15:10: warning: 'final' keyword is a C++11 extension [-Wc++11-extensions]
struct X final {};
         ^
./../../libs/config/test/boost_no_cxx11_final.ipp:24:20: warning: 'final' keyword is a C++11 extension [-Wc++11-extensions]
   virtual int f() final
                   ^
2 warnings generated.
configure:2668: $? = 0
configure:2674: ./conftest
configure:2677: $? = 0
configure:2679: result: OK
configure:2630: checking C++0x header <array> unavailable 
configure:2665: g++ -o conftest -I./../.. -I./../../libs/config/test -g -O2 -DBOOST_NO_CONFIG   conftest.cpp -lm -lpthread  >&5
configure:2668: $? = 0
configure:2674: ./conftest
configure:2677: $? = 0
configure:2679: result: OK
configure:2630: checking C++11 <atomic> header is either not present or too broken to be used 
configure:2665: g++ -o conftest -I./../.. -I./../../libs/config/test -g -O2 -DBOOST_NO_CONFIG   conftest.cpp -lm -lpthread  >&5
In file included from conftest.cpp:15:
./../../libs/config/test/boost_no_cxx11_hdr_atomic.ipp:80:21: error: non-aggregate type 'std::atomic_flag' (aka 'std::__1::atomic_flag') cannot be initialized with an initializer list
   std::atomic_flag f = ATOMIC_FLAG_INIT;
                    ^   ~~~~~~~~~~~~~~~~
1 error generated.
configure:2668: $? = 1
configure: program exited with status 1
configure: failed program was:
| /* confdefs.h.  */
| #define PACKAGE_NAME ""
| #define PACKAGE_TARNAME ""
| #define PACKAGE_VERSION ""
| #define PACKAGE_STRING ""
| #define PACKAGE_BUGREPORT ""
| #define HAVE_LIBPTHREAD 1
| #define HAVE_LIBM 1
| /* end confdefs.h.  */
| 
| #include <boost/config.hpp>
| #include "test.hpp"
| 
| #if !defined(BOOST_NO_CXX11_HDR_ATOMIC) || defined(BOOST_NO_CONFIG)
| #include "boost_no_cxx11_hdr_atomic.ipp"
| #else
| namespace boost_no_cxx11_hdr_atomic = empty_boost;
| #endif
| 
| int main(){ return boost_no_cxx11_hdr_atomic::test(); }
| 
configure:2688: result: Failed
configure:2630: checking C++0x header <chrono> unavailable 
configure:2665: g++ -o conftest -I./../.. -I./../../libs/config/test -g -O2 -DBOOST_NO_CONFIG   conftest.cpp -lm -lpthread  >&5
configure:2668: $? = 0
configure:2674: ./conftest
configure:2677: $? = 0
configure:2679: result: OK
configure:2630: checking C++0x header <codecvt> unavailable 
configure:2665: g++ -o conftest -I./../.. -I./../../libs/config/test -g -O2 -DBOOST_NO_CONFIG   conftest.cpp -lm -lpthread  >&5
configure:2668: $? = 0
configure:2674: ./conftest
configure:2677: $? = 0
configure:2679: result: OK
configure:2630: checking C++0x header <condition_variable> unavailable 
configure:2665: g++ -o conftest -I./../.. -I./../../libs/config/test -g -O2 -DBOOST_NO_CONFIG   conftest.cpp -lm -lpthread  >&5
configure:2668: $? = 0
configure:2674: ./conftest
configure:2677: $? = 0
configure:2679: result: OK
configure:2630: checking C++0x header <forward_list> unavailable 
configure:2665: g++ -o conftest -I./../.. -I./../../libs/config/test -g -O2 -DBOOST_NO_CONFIG   conftest.cpp -lm -lpthread  >&5
configure:2668: $? = 0
configure:2674: ./conftest
configure:2677: $? = 0
configure:2679: result: OK
configure:2630: checking C++0x header <future> unavailable 
configure:2665: g++ -o conftest -I./../.. -I./../../libs/config/test -g -O2 -DBOOST_NO_CONFIG   conftest.cpp -lm -lpthread  >&5
In file included from conftest.cpp:15:
./../../libs/config/test/boost_no_cxx11_hdr_future.ipp:30:9: error: no member named 'async' in namespace 'std'; did you mean 'std::launch::async'?
  using std::async;
        ^~~~~~~~~~
        std::launch::async
/Applications/Xcode.app/Contents/Developer/Toolchains/XcodeDefault.xctoolchain/usr/include/c++/v1/future:404:5: note: 'std::launch::async' declared here
    async = 1,
    ^
1 error generated.
configure:2668: $? = 1
configure: program exited with status 1
configure: failed program was:
| /* confdefs.h.  */
| #define PACKAGE_NAME ""
| #define PACKAGE_TARNAME ""
| #define PACKAGE_VERSION ""
| #define PACKAGE_STRING ""
| #define PACKAGE_BUGREPORT ""
| #define HAVE_LIBPTHREAD 1
| #define HAVE_LIBM 1
| /* end confdefs.h.  */
| 
| #include <boost/config.hpp>
| #include "test.hpp"
| 
| #if !defined(BOOST_NO_CXX11_HDR_FUTURE) || defined(BOOST_NO_CONFIG)
| #include "boost_no_cxx11_hdr_future.ipp"
| #else
| namespace boost_no_cxx11_hdr_future = empty_boost;
| #endif
| 
| int main(){ return boost_no_cxx11_hdr_future::test(); }
| 
configure:2688: result: Failed
configure:2630: checking C++0x header <initializer_list> unavailable 
configure:2665: g++ -o conftest -I./../.. -I./../../libs/config/test -g -O2 -DBOOST_NO_CONFIG   conftest.cpp -lm -lpthread  >&5
In file included from conftest.cpp:15:
./../../libs/config/test/boost_no_cxx11_hdr_initializer_list.ipp:17:21: error: no template named 'initializer_list' in namespace 'std'
void foo(const std::initializer_list<const char*>&)
               ~~~~~^
./../../libs/config/test/boost_no_cxx11_hdr_initializer_list.ipp:23:8: error: expected expression
  foo( { "a", "b", "c" } );
       ^
2 errors generated.
configure:2668: $? = 1
configure: program exited with status 1
configure: failed program was:
| /* confdefs.h.  */
| #define PACKAGE_NAME ""
| #define PACKAGE_TARNAME ""
| #define PACKAGE_VERSION ""
| #define PACKAGE_STRING ""
| #define PACKAGE_BUGREPORT ""
| #define HAVE_LIBPTHREAD 1
| #define HAVE_LIBM 1
| /* end confdefs.h.  */
| 
| #include <boost/config.hpp>
| #include "test.hpp"
| 
| #if !defined(BOOST_NO_CXX11_HDR_INITIALIZER_LIST) || defined(BOOST_NO_CONFIG)
| #include "boost_no_cxx11_hdr_initializer_list.ipp"
| #else
| namespace boost_no_cxx11_hdr_initializer_list = empty_boost;
| #endif
| 
| int main(){ return boost_no_cxx11_hdr_initializer_list::test(); }
| 
configure:2688: result: Failed
configure:2630: checking C++0x header <mutex> unavailable 
configure:2665: g++ -o conftest -I./../.. -I./../../libs/config/test -g -O2 -DBOOST_NO_CONFIG   conftest.cpp -lm -lpthread  >&5
configure:2668: $? = 0
configure:2674: ./conftest
configure:2677: $? = 0
configure:2679: result: OK
configure:2630: checking C++0x header <random> unavailable 
configure:2665: g++ -o conftest -I./../.. -I./../../libs/config/test -g -O2 -DBOOST_NO_CONFIG   conftest.cpp -lm -lpthread  >&5
configure:2668: $? = 0
configure:2674: ./conftest
configure:2677: $? = 0
configure:2679: result: OK
configure:2630: checking C++0x header <ratio> unavailable 
configure:2665: g++ -o conftest -I./../.. -I./../../libs/config/test -g -O2 -DBOOST_NO_CONFIG   conftest.cpp -lm -lpthread  >&5
configure:2668: $? = 0
configure:2674: ./conftest
configure:2677: $? = 0
configure:2679: result: OK
configure:2630: checking C++0x header <regex> unavailable 
configure:2665: g++ -o conftest -I./../.. -I./../../libs/config/test -g -O2 -DBOOST_NO_CONFIG   conftest.cpp -lm -lpthread  >&5
configure:2668: $? = 0
configure:2674: ./conftest
configure:2677: $? = 0
configure:2679: result: OK
configure:2630: checking C++0x header <system_error> unavailable 
configure:2665: g++ -o conftest -I./../.. -I./../../libs/config/test -g -O2 -DBOOST_NO_CONFIG   conftest.cpp -lm -lpthread  >&5
configure:2668: $? = 0
configure:2674: ./conftest
configure:2677: $? = 0
configure:2679: result: OK
configure:2630: checking C++0x header <thread> unavailable 
configure:2665: g++ -o conftest -I./../.. -I./../../libs/config/test -g -O2 -DBOOST_NO_CONFIG   conftest.cpp -lm -lpthread  >&5
configure:2668: $? = 0
configure:2674: ./conftest
configure:2677: $? = 0
configure:2679: result: OK
configure:2630: checking C++0x header <tuple> unavailable 
configure:2665: g++ -o conftest -I./../.. -I./../../libs/config/test -g -O2 -DBOOST_NO_CONFIG   conftest.cpp -lm -lpthread  >&5
In file included from conftest.cpp:15:
./../../libs/config/test/boost_no_cxx11_hdr_tuple.ipp:19:8: error: no member named 'tuple' in namespace 'std'
  std::tuple<int, int, long> t(0, 1, 2);
  ~~~~~^
./../../libs/config/test/boost_no_cxx11_hdr_tuple.ipp:19:17: error: expected '(' for function-style cast or type construction
  std::tuple<int, int, long> t(0, 1, 2);
             ~~~^
./../../libs/config/test/boost_no_cxx11_hdr_tuple.ipp:20:9: error: use of undeclared identifier 't'
  (void)t;
        ^
3 errors generated.
configure:2668: $? = 1
configure: program exited with status 1
configure: failed program was:
| /* confdefs.h.  */
| #define PACKAGE_NAME ""
| #define PACKAGE_TARNAME ""
| #define PACKAGE_VERSION ""
| #define PACKAGE_STRING ""
| #define PACKAGE_BUGREPORT ""
| #define HAVE_LIBPTHREAD 1
| #define HAVE_LIBM 1
| /* end confdefs.h.  */
| 
| #include <boost/config.hpp>
| #include "test.hpp"
| 
| #if !defined(BOOST_NO_CXX11_HDR_TUPLE) || defined(BOOST_NO_CONFIG)
| #include "boost_no_cxx11_hdr_tuple.ipp"
| #else
| namespace boost_no_cxx11_hdr_tuple = empty_boost;
| #endif
| 
| int main(){ return boost_no_cxx11_hdr_tuple::test(); }
| 
configure:2688: result: Failed
configure:2630: checking C++0x header <type_traits> unavailable 
configure:2665: g++ -o conftest -I./../.. -I./../../libs/config/test -g -O2 -DBOOST_NO_CONFIG   conftest.cpp -lm -lpthread  >&5
In file included from conftest.cpp:15:
./../../libs/config/test/boost_no_cxx11_hdr_type_traits.ipp:92:14: error: no member named 'add_rvalue_reference' in namespace 'std'; did you mean 'add_lvalue_reference'?
  using std::add_rvalue_reference;
        ~~~~~^~~~~~~~~~~~~~~~~~~~
             add_lvalue_reference
/Applications/Xcode.app/Contents/Developer/Toolchains/XcodeDefault.xctoolchain/usr/include/c++/v1/type_traits:1119:50: note: 'add_lvalue_reference' declared here
template <class _Tp> struct _LIBCPP_TEMPLATE_VIS add_lvalue_reference
                                                 ^
In file included from conftest.cpp:15:
./../../libs/config/test/boost_no_cxx11_hdr_type_traits.ipp:100:14: error: no member named 'aligned_union' in namespace 'std'
  using std::aligned_union;
        ~~~~~^
2 errors generated.
configure:2668: $? = 1
configure: program exited with status 1
configure: failed program was:
| /* confdefs.h.  */
| #define PACKAGE_NAME ""
| #define PACKAGE_TARNAME ""
| #define PACKAGE_VERSION ""
| #define PACKAGE_STRING ""
| #define PACKAGE_BUGREPORT ""
| #define HAVE_LIBPTHREAD 1
| #define HAVE_LIBM 1
| /* end confdefs.h.  */
| 
| #include <boost/config.hpp>
| #include "test.hpp"
| 
| #if !defined(BOOST_NO_CXX11_HDR_TYPE_TRAITS) || defined(BOOST_NO_CONFIG)
| #include "boost_no_cxx11_hdr_type_traits.ipp"
| #else
| namespace boost_no_cxx11_hdr_type_traits = empty_boost;
| #endif
| 
| int main(){ return boost_no_cxx11_hdr_type_traits::test(); }
| 
configure:2688: result: Failed
configure:2630: checking C++0x header <typeindex> unavailable 
configure:2665: g++ -o conftest -I./../.. -I./../../libs/config/test -g -O2 -DBOOST_NO_CONFIG   conftest.cpp -lm -lpthread  >&5
configure:2668: $? = 0
configure:2674: ./conftest
configure:2677: $? = 0
configure:2679: result: OK
configure:2630: checking C++0x header <unordered_map> unavailable 
configure:2665: g++ -o conftest -I./../.. -I./../../libs/config/test -g -O2 -DBOOST_NO_CONFIG   conftest.cpp -lm -lpthread  >&5
configure:2668: $? = 0
configure:2674: ./conftest
configure:2677: $? = 0
configure:2679: result: OK
configure:2630: checking C++0x header <unordered_set> unavailable 
configure:2665: g++ -o conftest -I./../.. -I./../../libs/config/test -g -O2 -DBOOST_NO_CONFIG   conftest.cpp -lm -lpthread  >&5
configure:2668: $? = 0
configure:2674: ./conftest
configure:2677: $? = 0
configure:2679: result: OK
configure:2630: checking C++11 inline namespaces. 
configure:2665: g++ -o conftest -I./../.. -I./../../libs/config/test -g -O2 -DBOOST_NO_CONFIG   conftest.cpp -lm -lpthread  >&5
In file included from conftest.cpp:15:
./../../libs/config/test/boost_no_cxx11_inline_namespaces.ipp:15:1: warning: inline namespaces are a C++11 feature [-Wc++11-inline-namespace]
inline namespace my_ns {
^
1 warning generated.
configure:2668: $? = 0
configure:2674: ./conftest
configure:2677: $? = 0
configure:2679: result: OK
configure:2630: checking C++11 non-public defaulted functions unavailable 
configure:2665: g++ -o conftest -I./../.. -I./../../libs/config/test -g -O2 -DBOOST_NO_CONFIG   conftest.cpp -lm -lpthread  >&5
In file included from conftest.cpp:15:
./../../libs/config/test/boost_no_cxx11_non_pub_def_fun.ipp:14:4: error: Non-public defaulted functions are not supported in non-C++11 mode
#  error Non-public defaulted functions are not supported in non-C++11 mode
   ^
./../../libs/config/test/boost_no_cxx11_non_pub_def_fun.ipp:22:13: warning: defaulted function definitions are a C++11 extension [-Wc++11-extensions]
    foo() = default;
            ^
./../../libs/config/test/boost_no_cxx11_non_pub_def_fun.ipp:23:35: warning: defaulted function definitions are a C++11 extension [-Wc++11-extensions]
    foo& operator= (foo const&) = default;
                                  ^
./../../libs/config/test/boost_no_cxx11_non_pub_def_fun.ipp:29:13: warning: defaulted function definitions are a C++11 extension [-Wc++11-extensions]
    bar() = default;
            ^
./../../libs/config/test/boost_no_cxx11_non_pub_def_fun.ipp:30:35: warning: defaulted function definitions are a C++11 extension [-Wc++11-extensions]
    bar& operator= (bar const&) = default;
                                  ^
4 warnings and 1 error generated.
configure:2668: $? = 1
configure: program exited with status 1
configure: failed program was:
| /* confdefs.h.  */
| #define PACKAGE_NAME ""
| #define PACKAGE_TARNAME ""
| #define PACKAGE_VERSION ""
| #define PACKAGE_STRING ""
| #define PACKAGE_BUGREPORT ""
| #define HAVE_LIBPTHREAD 1
| #define HAVE_LIBM 1
| /* end confdefs.h.  */
| 
| #include <boost/config.hpp>
| #include "test.hpp"
| 
| #if !defined(BOOST_NO_CXX11_NON_PUBLIC_DEFAULTED_FUNCTIONS) || defined(BOOST_NO_CONFIG)
| #include "boost_no_cxx11_non_pub_def_fun.ipp"
| #else
| namespace boost_no_cxx11_non_public_defaulted_functions = empty_boost;
| #endif
| 
| int main(){ return boost_no_cxx11_non_public_defaulted_functions::test(); }
| 
configure:2688: result: Failed
configure:2630: checking static function lowest() in numeric_limits class <limits> 
configure:2665: g++ -o conftest -I./../.. -I./../../libs/config/test -g -O2 -DBOOST_NO_CONFIG   conftest.cpp -lm -lpthread  >&5
configure:2668: $? = 0
configure:2674: ./conftest
configure:2677: $? = 0
configure:2679: result: OK
configure:2630: checking C++11 <memory> lacks a correct std::pointer_traits 
configure:2665: g++ -o conftest -I./../.. -I./../../libs/config/test -g -O2 -DBOOST_NO_CONFIG   conftest.cpp -lm -lpthread  >&5
In file included from conftest.cpp:15:
./../../libs/config/test/boost_no_cxx11_pointer_traits.ipp:21:20: warning: alias declarations are a C++11 extension [-Wc++11-extensions]
    using rebind = pointer<U>;
                   ^
./../../libs/config/test/boost_no_cxx11_pointer_traits.ipp:34:12: error: no member named 'value' in 'boost_no_cxx11_pointer_traits::result<std::__1::pointer_traits<boost_no_cxx11_pointer_traits::pointer<int> >::rebind<bool> >'; did you mean 'result<pointer<bool> >::value'?
    return result<std::pointer_traits<pointer<int> >::rebind<bool> >::value;
           ^~~~~~~~~~~~~~~~~~~~~~~~~~~~~~~~~~~~~~~~~~~~~~~~~~~~~~~~~~~~~~~~
           result<pointer<bool> >::value
./../../libs/config/test/boost_no_cxx11_pointer_traits.ipp:29:22: note: 'result<pointer<bool> >::value' declared here
    static const int value = 0;
                     ^
1 warning and 1 error generated.
configure:2668: $? = 1
configure: program exited with status 1
configure: failed program was:
| /* confdefs.h.  */
| #define PACKAGE_NAME ""
| #define PACKAGE_TARNAME ""
| #define PACKAGE_VERSION ""
| #define PACKAGE_STRING ""
| #define PACKAGE_BUGREPORT ""
| #define HAVE_LIBPTHREAD 1
| #define HAVE_LIBM 1
| /* end confdefs.h.  */
| 
| #include <boost/config.hpp>
| #include "test.hpp"
| 
| #if !defined(BOOST_NO_CXX11_POINTER_TRAITS) || defined(BOOST_NO_CONFIG)
| #include "boost_no_cxx11_pointer_traits.ipp"
| #else
| namespace boost_no_cxx11_pointer_traits = empty_boost;
| #endif
| 
| int main(){ return boost_no_cxx11_pointer_traits::test(); }
| 
configure:2688: result: Failed
configure:2630: checking C++11 ref-qualifiers on member functions. 
configure:2665: g++ -o conftest -I./../.. -I./../../libs/config/test -g -O2 -DBOOST_NO_CONFIG   conftest.cpp -lm -lpthread  >&5
In file included from conftest.cpp:15:
./../../libs/config/test/boost_no_cxx11_ref_qualifiers.ipp:17:15: warning: reference qualifiers on functions are a C++11 extension [-Wc++11-extensions]
   char get() & { return 'l'; }
              ^
./../../libs/config/test/boost_no_cxx11_ref_qualifiers.ipp:18:15: warning: reference qualifiers on functions are a C++11 extension [-Wc++11-extensions]
   char get() && { return 'r'; }
              ^
./../../libs/config/test/boost_no_cxx11_ref_qualifiers.ipp:19:20: warning: reference qualifiers on functions are a C++11 extension [-Wc++11-extensions]
   char get() const& { return 'c'; }
                   ^
3 warnings generated.
configure:2668: $? = 0
configure:2674: ./conftest
configure:2677: $? = 0
configure:2679: result: OK
configure:2630: checking C++11 SFINAE for expressions 
configure:2665: g++ -o conftest -I./../.. -I./../../libs/config/test -g -O2 -DBOOST_NO_CONFIG   conftest.cpp -lm -lpthread  >&5
In file included from conftest.cpp:15:
./../../libs/config/test/boost_no_cxx11_sfinae_expr.ipp:30:42: error: 'operator&' is a private member of 'boost_no_cxx11_sfinae_expr::type'
struct trait<T, typename ignore<decltype(&object<T>())>::type> { };
                                         ^~~~~~~~~~~~
/Applications/Xcode.app/Contents/Developer/Toolchains/XcodeDefault.xctoolchain/usr/include/c++/v1/__config:932:38: note: expanded from macro 'decltype'
#    define decltype(__x) __decltype(__x)
                                     ^~~
./../../libs/config/test/boost_no_cxx11_sfinae_expr.ipp:34:30: note: during template argument deduction for class template partial specialization 'trait<T, typename ignore<decltype(&object<T>())>::type>' [with T = boost_no_cxx11_sfinae_expr::type]
    static const int value = T::value;
                             ^
./../../libs/config/test/boost_no_cxx11_sfinae_expr.ipp:34:30: note: in instantiation of template class 'boost_no_cxx11_sfinae_expr::trait<boost_no_cxx11_sfinae_expr::type, void>' requested here
./../../libs/config/test/boost_no_cxx11_sfinae_expr.ipp:43:12: note: in instantiation of template class 'boost_no_cxx11_sfinae_expr::result<boost_no_cxx11_sfinae_expr::trait<boost_no_cxx11_sfinae_expr::type, void> >' requested here
    return result<trait<type> >::value;
           ^
./../../libs/config/test/boost_no_cxx11_sfinae_expr.ipp:34:33: error: no member named 'value' in 'boost_no_cxx11_sfinae_expr::trait<boost_no_cxx11_sfinae_expr::type, void>'
    static const int value = T::value;
                             ~~~^
./../../libs/config/test/boost_no_cxx11_sfinae_expr.ipp:43:12: note: in instantiation of template class 'boost_no_cxx11_sfinae_expr::result<boost_no_cxx11_sfinae_expr::trait<boost_no_cxx11_sfinae_expr::type, void> >' requested here
    return result<trait<type> >::value;
           ^
2 errors generated.
configure:2668: $? = 1
configure: program exited with status 1
configure: failed program was:
| /* confdefs.h.  */
| #define PACKAGE_NAME ""
| #define PACKAGE_TARNAME ""
| #define PACKAGE_VERSION ""
| #define PACKAGE_STRING ""
| #define PACKAGE_BUGREPORT ""
| #define HAVE_LIBPTHREAD 1
| #define HAVE_LIBM 1
| /* end confdefs.h.  */
| 
| #include <boost/config.hpp>
| #include "test.hpp"
| 
| #if !defined(BOOST_NO_CXX11_SFINAE_EXPR) || defined(BOOST_NO_CONFIG)
| #include "boost_no_cxx11_sfinae_expr.ipp"
| #else
| namespace boost_no_cxx11_sfinae_expr = empty_boost;
| #endif
| 
| int main(){ return boost_no_cxx11_sfinae_expr::test(); }
| 
configure:2688: result: Failed
configure:2630: checking C++11 <memory> has no shared_ptr and unique_ptr 
configure:2665: g++ -o conftest -I./../.. -I./../../libs/config/test -g -O2 -DBOOST_NO_CONFIG   conftest.cpp -lm -lpthread  >&5
configure:2668: $? = 0
configure:2674: ./conftest
configure:2677: $? = 0
configure:2679: result: OK
configure:2630: checking C++11 <memory> doesn't have a working std::align 
configure:2665: g++ -o conftest -I./../.. -I./../../libs/config/test -g -O2 -DBOOST_NO_CONFIG   conftest.cpp -lm -lpthread  >&5
configure:2668: $? = 0
configure:2674: ./conftest
configure:2677: $? = 0
configure:2679: result: OK
configure:2630: checking thread_local 
configure:2665: g++ -o conftest -I./../.. -I./../../libs/config/test -g -O2 -DBOOST_NO_CONFIG   conftest.cpp -lm -lpthread  >&5
In file included from conftest.cpp:15:
./../../libs/config/test/boost_no_cxx11_thread_local.ipp:20:11: error: unknown type name 'thread_local'
   static thread_local T s(n, ' ');
          ^
./../../libs/config/test/boost_no_cxx11_thread_local.ipp:20:25: error: expected ';' at end of declaration
   static thread_local T s(n, ' ');
                        ^
                        ;
./../../libs/config/test/boost_no_cxx11_thread_local.ipp:21:11: error: unknown type name 'thread_local'
   static thread_local int size = s.size();
          ^
./../../libs/config/test/boost_no_cxx11_thread_local.ipp:21:24: error: expected unqualified-id
   static thread_local int size = s.size();
                       ^
./../../libs/config/test/boost_no_cxx11_thread_local.ipp:22:7: error: use of undeclared identifier 'size'
   if(size != n)
      ^
./../../libs/config/test/boost_no_cxx11_thread_local.ipp:24:7: error: use of undeclared identifier 's'
      s = T(n, ' ');
      ^
./../../libs/config/test/boost_no_cxx11_thread_local.ipp:25:4: error: use of undeclared identifier 'size'
          size = n;
          ^
./../../libs/config/test/boost_no_cxx11_thread_local.ipp:27:11: error: use of undeclared identifier 'size'; did you mean 'time'?
   return size;
          ^~~~
          time
/Applications/Xcode.app/Contents/Developer/Platforms/MacOSX.platform/Developer/SDKs/MacOSX10.14.sdk/usr/include/time.h:117:8: note: 'time' declared here
time_t time(time_t *);
       ^
8 errors generated.
configure:2668: $? = 1
configure: program exited with status 1
configure: failed program was:
| /* confdefs.h.  */
| #define PACKAGE_NAME ""
| #define PACKAGE_TARNAME ""
| #define PACKAGE_VERSION ""
| #define PACKAGE_STRING ""
| #define PACKAGE_BUGREPORT ""
| #define HAVE_LIBPTHREAD 1
| #define HAVE_LIBM 1
| /* end confdefs.h.  */
| 
| #include <boost/config.hpp>
| #include "test.hpp"
| 
| #if !defined(BOOST_NO_CXX11_THREAD_LOCAL) || defined(BOOST_NO_CONFIG)
| #include "boost_no_cxx11_thread_local.ipp"
| #else
| namespace boost_no_cxx11_thread_local = empty_boost;
| #endif
| 
| int main(){ return boost_no_cxx11_thread_local::test(); }
| 
configure:2688: result: Failed
configure:2630: checking C++11 trailing function result types syntax. 
configure:2665: g++ -o conftest -I./../.. -I./../../libs/config/test -g -O2 -DBOOST_NO_CONFIG   conftest.cpp -lm -lpthread  >&5
In file included from conftest.cpp:15:
./../../libs/config/test/boost_no_cxx11_trailing_result_types.ipp:16:1: warning: 'auto' type specifier is a C++11 extension [-Wc++11-extensions]
auto foo(T const& t) -> T
^
./../../libs/config/test/boost_no_cxx11_trailing_result_types.ipp:16:1: error: 'auto' not allowed in function return type
auto foo(T const& t) -> T
^~~~
./../../libs/config/test/boost_no_cxx11_trailing_result_types.ipp:16:21: error: expected ';' at end of declaration
auto foo(T const& t) -> T
                    ^
                    ;
./../../libs/config/test/boost_no_cxx11_trailing_result_types.ipp:16:22: error: cannot use arrow operator on a type
auto foo(T const& t) -> T
                     ^
./../../libs/config/test/boost_no_cxx11_trailing_result_types.ipp:23:12: error: no matching function for call to 'foo'
    return foo(0);
           ^~~
1 warning and 4 errors generated.
configure:2668: $? = 1
configure: program exited with status 1
configure: failed program was:
| /* confdefs.h.  */
| #define PACKAGE_NAME ""
| #define PACKAGE_TARNAME ""
| #define PACKAGE_VERSION ""
| #define PACKAGE_STRING ""
| #define PACKAGE_BUGREPORT ""
| #define HAVE_LIBPTHREAD 1
| #define HAVE_LIBM 1
| /* end confdefs.h.  */
| 
| #include <boost/config.hpp>
| #include "test.hpp"
| 
| #if !defined(BOOST_NO_CXX11_TRAILING_RESULT_TYPES) || defined(BOOST_NO_CONFIG)
| #include "boost_no_cxx11_trailing_result_types.ipp"
| #else
| namespace boost_no_cxx11_trailing_result_types = empty_boost;
| #endif
| 
| int main(){ return boost_no_cxx11_trailing_result_types::test(); }
| 
configure:2688: result: Failed
configure:2630: checking C++11 user defined literals. 
configure:2665: g++ -o conftest -I./../.. -I./../../libs/config/test -g -O2 -DBOOST_NO_CONFIG   conftest.cpp -lm -lpthread  >&5
In file included from conftest.cpp:15:
./../../libs/config/test/boost_no_cxx11_user_lit.ipp:26:54: warning: variadic templates are a C++11 extension [-Wc++11-extensions]
template <unsigned base, unsigned long long val, char... Digits>
                                                     ^
./../../libs/config/test/boost_no_cxx11_user_lit.ipp:32:12: error: unknown type name 'constexpr'
    static constexpr unsigned long long value{ val };
           ^
./../../libs/config/test/boost_no_cxx11_user_lit.ipp:32:22: error: expected member name or ';' after declaration specifiers
    static constexpr unsigned long long value{ val };
    ~~~~~~~~~~~~~~~~ ^
./../../libs/config/test/boost_no_cxx11_user_lit.ipp:35:62: warning: variadic templates are a C++11 extension [-Wc++11-extensions]
template <unsigned base, unsigned long long val, char c, char... Digits>
                                                             ^
./../../libs/config/test/boost_no_cxx11_user_lit.ipp:38:12: error: unknown type name 'constexpr'
    static constexpr unsigned long long char_value = (c >= '0' && c <= '9')
           ^
./../../libs/config/test/boost_no_cxx11_user_lit.ipp:38:22: error: expected member name or ';' after declaration specifiers
    static constexpr unsigned long long char_value = (c >= '0' && c <= '9')
    ~~~~~~~~~~~~~~~~ ^
./../../libs/config/test/boost_no_cxx11_user_lit.ipp:45:19: error: use of undeclared identifier 'char_value'
    static_assert(char_value < base, "Encountered a digit out of range");
                  ^
./../../libs/config/test/boost_no_cxx11_user_lit.ipp:46:12: error: unknown type name 'constexpr'
    static constexpr unsigned long long value{ parse_int<base, val * base +
           ^
./../../libs/config/test/boost_no_cxx11_user_lit.ipp:46:22: error: expected member name or ';' after declaration specifiers
    static constexpr unsigned long long value{ parse_int<base, val * base +
    ~~~~~~~~~~~~~~~~ ^
./../../libs/config/test/boost_no_cxx11_user_lit.ipp:50:21: error: expected a type
my_literal operator "" _suf1(unsigned long long v)
                    ^
./../../libs/config/test/boost_no_cxx11_user_lit.ipp:54:15: warning: variadic templates are a C++11 extension [-Wc++11-extensions]
template <char...PACK>
              ^
./../../libs/config/test/boost_no_cxx11_user_lit.ipp:55:21: error: expected a type
my_literal operator "" _bin()
                    ^
conftest.cpp:20:20: error: no member named 'test' in namespace 'boost_no_cxx11_user_defined_literals'; did you mean 'empty_boost::test'?
int main(){ return boost_no_cxx11_user_defined_literals::test(); }
                   ^~~~~~~~~~~~~~~~~~~~~~~~~~~~~~~~~~~~~~~~~~
                   empty_boost::test
./../../libs/config/test/test.hpp:13:5: note: 'empty_boost::test' declared here
int test()
    ^
3 warnings and 10 errors generated.
configure:2668: $? = 1
configure: program exited with status 1
configure: failed program was:
| /* confdefs.h.  */
| #define PACKAGE_NAME ""
| #define PACKAGE_TARNAME ""
| #define PACKAGE_VERSION ""
| #define PACKAGE_STRING ""
| #define PACKAGE_BUGREPORT ""
| #define HAVE_LIBPTHREAD 1
| #define HAVE_LIBM 1
| /* end confdefs.h.  */
| 
| #include <boost/config.hpp>
| #include "test.hpp"
| 
| #if !defined(BOOST_NO_CXX11_USER_DEFINED_LITERALS) || defined(BOOST_NO_CONFIG)
| #include "boost_no_cxx11_user_lit.ipp"
| #else
| namespace boost_no_cxx11_user_defined_literals = empty_boost;
| #endif
| 
| int main(){ return boost_no_cxx11_user_defined_literals::test(); }
| 
configure:2688: result: Failed
configure:2630: checking C++14 binary literals unavailable 
configure:2665: g++ -o conftest -I./../.. -I./../../libs/config/test -g -O2 -DBOOST_NO_CONFIG   conftest.cpp -lm -lpthread  >&5
configure:2668: $? = 0
configure:2674: ./conftest
configure:2677: $? = 0
configure:2679: result: OK
configure:2630: checking C++14 relaxed constexpr unavailable 
configure:2665: g++ -o conftest -I./../.. -I./../../libs/config/test -g -O2 -DBOOST_NO_CONFIG   conftest.cpp -lm -lpthread  >&5
In file included from conftest.cpp:15:
./../../libs/config/test/boost_no_cxx14_constexpr.ipp:23:9: error: unknown type name 'constexpr'
        constexpr int foo() const { return 1; }
        ^
./../../libs/config/test/boost_no_cxx14_constexpr.ipp:23:19: error: expected member name or ';' after declaration specifiers
        constexpr int foo() const { return 1; }
        ~~~~~~~~~ ^
./../../libs/config/test/boost_no_cxx14_constexpr.ipp:34:1: error: unknown type name 'constexpr'
constexpr typename detail::void_<T>::type decrement(T &value)
^
./../../libs/config/test/boost_no_cxx14_constexpr.ipp:34:11: error: expected unqualified-id
constexpr typename detail::void_<T>::type decrement(T &value)
          ^
./../../libs/config/test/boost_no_cxx14_constexpr.ipp:64:12: error: use of undeclared identifier 'compile_time_value'
    return compile_time_value<
           ^
./../../libs/config/test/boost_no_cxx14_constexpr.ipp:65:9: error: use of undeclared identifier 'zero'
        zero()
        ^
./../../libs/config/test/boost_no_cxx14_constexpr.ipp:66:9: error: use of undeclared identifier 'non_cv_member'
      + non_cv_member(detail::non_tmpl())
        ^
./../../libs/config/test/boost_no_cxx14_constexpr.ipp:67:9: error: use of undeclared identifier 'non_cv_member'
      + non_cv_member(detail::tmpl<int>())
        ^
./../../libs/config/test/boost_no_cxx14_constexpr.ipp:68:8: error: no member named 'value' in the global namespace
    >::value;
     ~~^
9 errors generated.
configure:2668: $? = 1
configure: program exited with status 1
configure: failed program was:
| /* confdefs.h.  */
| #define PACKAGE_NAME ""
| #define PACKAGE_TARNAME ""
| #define PACKAGE_VERSION ""
| #define PACKAGE_STRING ""
| #define PACKAGE_BUGREPORT ""
| #define HAVE_LIBPTHREAD 1
| #define HAVE_LIBM 1
| /* end confdefs.h.  */
| 
| #include <boost/config.hpp>
| #include "test.hpp"
| 
| #if !defined(BOOST_NO_CXX14_CONSTEXPR) || defined(BOOST_NO_CONFIG)
| #include "boost_no_cxx14_constexpr.ipp"
| #else
| namespace boost_no_cxx14_constexpr = empty_boost;
| #endif
| 
| int main(){ return boost_no_cxx14_constexpr::test(); }
| 
configure:2688: result: Failed
configure:2630: checking C++14 decltype(auto) unavailable 
configure:2665: g++ -o conftest -I./../.. -I./../../libs/config/test -g -O2 -DBOOST_NO_CONFIG   conftest.cpp -lm -lpthread  >&5
In file included from conftest.cpp:15:
./../../libs/config/test/boost_no_cxx14_decltype_auto.ipp:27:14: warning: 'decltype(auto)' type specifier is a C++14 extension [-Wc++14-extensions]
    decltype(auto) x = foo(j);
             ^
1 warning generated.
configure:2668: $? = 0
configure:2674: ./conftest
configure:2677: $? = 0
configure:2679: result: OK
configure:2630: checking C++14 digit separator unavailable 
configure:2665: g++ -o conftest -I./../.. -I./../../libs/config/test -g -O2 -DBOOST_NO_CONFIG   conftest.cpp -lm -lpthread  >&5
In file included from conftest.cpp:15:
./../../libs/config/test/boost_no_cxx14_digit_separator.ipp:19:13: warning: missing terminating ' character [-Winvalid-pp-token]
    return 0'0;
            ^
./../../libs/config/test/boost_no_cxx14_digit_separator.ipp:19:13: error: expected ';' after return statement
    return 0'0;
            ^
            ;
1 warning and 1 error generated.
configure:2668: $? = 1
configure: program exited with status 1
configure: failed program was:
| /* confdefs.h.  */
| #define PACKAGE_NAME ""
| #define PACKAGE_TARNAME ""
| #define PACKAGE_VERSION ""
| #define PACKAGE_STRING ""
| #define PACKAGE_BUGREPORT ""
| #define HAVE_LIBPTHREAD 1
| #define HAVE_LIBM 1
| /* end confdefs.h.  */
| 
| #include <boost/config.hpp>
| #include "test.hpp"
| 
| #if !defined(BOOST_NO_CXX14_DIGIT_SEPARATORS) || defined(BOOST_NO_CONFIG)
| #include "boost_no_cxx14_digit_separator.ipp"
| #else
| namespace boost_no_cxx14_digit_separators = empty_boost;
| #endif
| 
| int main(){ return boost_no_cxx14_digit_separators::test(); }
| 
configure:2688: result: Failed
configure:2630: checking C++14 generic lambda unavailable 
configure:2665: g++ -o conftest -I./../.. -I./../../libs/config/test -g -O2 -DBOOST_NO_CONFIG   conftest.cpp -lm -lpthread  >&5
In file included from conftest.cpp:15:
./../../libs/config/test/boost_no_cxx14_generic_lambda.ipp:19:12: error: expected expression
    return [](auto ret) { return ret; } (0);
           ^
1 error generated.
configure:2668: $? = 1
configure: program exited with status 1
configure: failed program was:
| /* confdefs.h.  */
| #define PACKAGE_NAME ""
| #define PACKAGE_TARNAME ""
| #define PACKAGE_VERSION ""
| #define PACKAGE_STRING ""
| #define PACKAGE_BUGREPORT ""
| #define HAVE_LIBPTHREAD 1
| #define HAVE_LIBM 1
| /* end confdefs.h.  */
| 
| #include <boost/config.hpp>
| #include "test.hpp"
| 
| #if !defined(BOOST_NO_CXX14_GENERIC_LAMBDAS) || defined(BOOST_NO_CONFIG)
| #include "boost_no_cxx14_generic_lambda.ipp"
| #else
| namespace boost_no_cxx14_generic_lambdas = empty_boost;
| #endif
| 
| int main(){ return boost_no_cxx14_generic_lambdas::test(); }
| 
configure:2688: result: Failed
configure:2630: checking C++0y header <shared_mutex> unavailable 
configure:2665: g++ -o conftest -I./../.. -I./../../libs/config/test -g -O2 -DBOOST_NO_CONFIG   conftest.cpp -lm -lpthread  >&5
In file included from conftest.cpp:15:
./../../libs/config/test/boost_no_cxx14_hdr_shared_mutex.ipp:23:14: error: no member named 'shared_timed_mutex' in namespace 'std'
  using std::shared_timed_mutex;
        ~~~~~^
1 error generated.
configure:2668: $? = 1
configure: program exited with status 1
configure: failed program was:
| /* confdefs.h.  */
| #define PACKAGE_NAME ""
| #define PACKAGE_TARNAME ""
| #define PACKAGE_VERSION ""
| #define PACKAGE_STRING ""
| #define PACKAGE_BUGREPORT ""
| #define HAVE_LIBPTHREAD 1
| #define HAVE_LIBM 1
| /* end confdefs.h.  */
| 
| #include <boost/config.hpp>
| #include "test.hpp"
| 
| #if !defined(BOOST_NO_CXX14_HDR_SHARED_MUTEX) || defined(BOOST_NO_CONFIG)
| #include "boost_no_cxx14_hdr_shared_mutex.ipp"
| #else
| namespace boost_no_cxx14_hdr_shared_mutex = empty_boost;
| #endif
| 
| int main(){ return boost_no_cxx14_hdr_shared_mutex::test(); }
| 
configure:2688: result: Failed
configure:2630: checking C++14 initialized lambda capture unavailable 
configure:2665: g++ -o conftest -I./../.. -I./../../libs/config/test -g -O2 -DBOOST_NO_CONFIG   conftest.cpp -lm -lpthread  >&5
In file included from conftest.cpp:15:
./../../libs/config/test/boost_no_cxx14_lambda_capture.ipp:19:12: error: expected expression
    return [ret = 0] { return ret; } ();
           ^
1 error generated.
configure:2668: $? = 1
configure: program exited with status 1
configure: failed program was:
| /* confdefs.h.  */
| #define PACKAGE_NAME ""
| #define PACKAGE_TARNAME ""
| #define PACKAGE_VERSION ""
| #define PACKAGE_STRING ""
| #define PACKAGE_BUGREPORT ""
| #define HAVE_LIBPTHREAD 1
| #define HAVE_LIBM 1
| /* end confdefs.h.  */
| 
| #include <boost/config.hpp>
| #include "test.hpp"
| 
| #if !defined(BOOST_NO_CXX14_INITIALIZED_LAMBDA_CAPTURES) || defined(BOOST_NO_CONFIG)
| #include "boost_no_cxx14_lambda_capture.ipp"
| #else
| namespace boost_no_cxx14_initialized_lambda_captures = empty_boost;
| #endif
| 
| int main(){ return boost_no_cxx14_initialized_lambda_captures::test(); }
| 
configure:2688: result: Failed
configure:2630: checking C++14 member initializers unavailable 
configure:2665: g++ -o conftest -I./../.. -I./../../libs/config/test -g -O2 -DBOOST_NO_CONFIG   conftest.cpp -lm -lpthread  >&5
In file included from conftest.cpp:15:
./../../libs/config/test/boost_no_cxx14_member_init.ipp:20:11: warning: in-class initialization of non-static data member is a C++11 extension [-Wc++11-extensions]
    int y = 0;
          ^
./../../libs/config/test/boost_no_cxx14_member_init.ipp:25:15: error: non-aggregate type 'boost_no_cxx14_aggregate_nsdmi::S' cannot be initialized with an initializer list
    S s[] = { { 0x72 }, { 0x42 } };
              ^~~~~~~~
./../../libs/config/test/boost_no_cxx14_member_init.ipp:25:25: error: non-aggregate type 'boost_no_cxx14_aggregate_nsdmi::S' cannot be initialized with an initializer list
    S s[] = { { 0x72 }, { 0x42 } };
                        ^~~~~~~~
1 warning and 2 errors generated.
configure:2668: $? = 1
configure: program exited with status 1
configure: failed program was:
| /* confdefs.h.  */
| #define PACKAGE_NAME ""
| #define PACKAGE_TARNAME ""
| #define PACKAGE_VERSION ""
| #define PACKAGE_STRING ""
| #define PACKAGE_BUGREPORT ""
| #define HAVE_LIBPTHREAD 1
| #define HAVE_LIBM 1
| /* end confdefs.h.  */
| 
| #include <boost/config.hpp>
| #include "test.hpp"
| 
| #if !defined(BOOST_NO_CXX14_AGGREGATE_NSDMI) || defined(BOOST_NO_CONFIG)
| #include "boost_no_cxx14_member_init.ipp"
| #else
| namespace boost_no_cxx14_aggregate_nsdmi = empty_boost;
| #endif
| 
| int main(){ return boost_no_cxx14_aggregate_nsdmi::test(); }
| 
configure:2688: result: Failed
configure:2630: checking C++14 return type deduction unavailable 
configure:2665: g++ -o conftest -I./../.. -I./../../libs/config/test -g -O2 -DBOOST_NO_CONFIG   conftest.cpp -lm -lpthread  >&5
In file included from conftest.cpp:15:
./../../libs/config/test/boost_no_cxx14_return_type_ded.ipp:18:1: warning: 'auto' type specifier is a C++11 extension [-Wc++11-extensions]
auto deduced_abs(T x)
^
./../../libs/config/test/boost_no_cxx14_return_type_ded.ipp:18:1: error: 'auto' not allowed in function return type
auto deduced_abs(T x)
^~~~
./../../libs/config/test/boost_no_cxx14_return_type_ded.ipp:25:12: error: no matching function for call to 'deduced_abs'
    return deduced_abs(2) - deduced_abs(-2);
           ^~~~~~~~~~~
./../../libs/config/test/boost_no_cxx14_return_type_ded.ipp:25:29: error: no matching function for call to 'deduced_abs'
    return deduced_abs(2) - deduced_abs(-2);
                            ^~~~~~~~~~~
1 warning and 3 errors generated.
configure:2668: $? = 1
configure: program exited with status 1
configure: failed program was:
| /* confdefs.h.  */
| #define PACKAGE_NAME ""
| #define PACKAGE_TARNAME ""
| #define PACKAGE_VERSION ""
| #define PACKAGE_STRING ""
| #define PACKAGE_BUGREPORT ""
| #define HAVE_LIBPTHREAD 1
| #define HAVE_LIBM 1
| /* end confdefs.h.  */
| 
| #include <boost/config.hpp>
| #include "test.hpp"
| 
| #if !defined(BOOST_NO_CXX14_RETURN_TYPE_DEDUCTION) || defined(BOOST_NO_CONFIG)
| #include "boost_no_cxx14_return_type_ded.ipp"
| #else
| namespace boost_no_cxx14_return_type_deduction = empty_boost;
| #endif
| 
| int main(){ return boost_no_cxx14_return_type_deduction::test(); }
| 
configure:2688: result: Failed
configure:2630: checking apply 
configure:2665: g++ -o conftest -I./../.. -I./../../libs/config/test -g -O2 -DBOOST_NO_CONFIG   conftest.cpp -lm -lpthread  >&5
In file included from conftest.cpp:15:
./../../libs/config/test/boost_no_cxx14_std_exchange.ipp:18:20: error: no member named 'exchange' in namespace 'std'
    int * j = std::exchange( i, nullptr);
              ~~~~~^
1 error generated.
configure:2668: $? = 1
configure: program exited with status 1
configure: failed program was:
| /* confdefs.h.  */
| #define PACKAGE_NAME ""
| #define PACKAGE_TARNAME ""
| #define PACKAGE_VERSION ""
| #define PACKAGE_STRING ""
| #define PACKAGE_BUGREPORT ""
| #define HAVE_LIBPTHREAD 1
| #define HAVE_LIBM 1
| /* end confdefs.h.  */
| 
| #include <boost/config.hpp>
| #include "test.hpp"
| 
| #if !defined(BOOST_NO_CXX14_STD_EXCHANGE) || defined(BOOST_NO_CONFIG)
| #include "boost_no_cxx14_std_exchange.ipp"
| #else
| namespace boost_no_cxx14_std_exchange = empty_boost;
| #endif
| 
| int main(){ return boost_no_cxx14_std_exchange::test(); }
| 
configure:2688: result: Failed
configure:2630: checking C++14 variable templates unavailable 
configure:2665: g++ -o conftest -I./../.. -I./../../libs/config/test -g -O2 -DBOOST_NO_CONFIG   conftest.cpp -lm -lpthread  >&5
In file included from conftest.cpp:15:
./../../libs/config/test/boost_no_cxx14_var_templ.ipp:18:3: warning: variable templates are a C++14 extension [-Wc++14-extensions]
T zero = static_cast<T>(0);
  ^
1 warning generated.
configure:2668: $? = 0
configure:2674: ./conftest
configure:2677: $? = 0
configure:2679: result: OK
configure:2630: checking C++17 fold expressions 
configure:2665: g++ -o conftest -I./../.. -I./../../libs/config/test -g -O2 -DBOOST_NO_CONFIG   conftest.cpp -lm -lpthread  >&5
In file included from conftest.cpp:15:
./../../libs/config/test/boost_no_cxx17_fold_expressions.ipp:16:15: warning: variadic templates are a C++11 extension [-Wc++11-extensions]
template<class... Args>
              ^
./../../libs/config/test/boost_no_cxx17_fold_expressions.ipp:17:1: warning: 'auto' type specifier is a C++11 extension [-Wc++11-extensions]
auto sum(Args&&... args)
^
./../../libs/config/test/boost_no_cxx17_fold_expressions.ipp:17:14: warning: rvalue references are a C++11 extension [-Wc++11-extensions]
auto sum(Args&&... args)
             ^
./../../libs/config/test/boost_no_cxx17_fold_expressions.ipp:17:1: error: 'auto' not allowed in function return type
auto sum(Args&&... args)
^~~~
./../../libs/config/test/boost_no_cxx17_fold_expressions.ipp:19:20: warning: pack fold expression is a C++17 extension [-Wc++17-extensions]
    return (args + ... + 0);
                   ^
./../../libs/config/test/boost_no_cxx17_fold_expressions.ipp:24:12: error: no matching function for call to 'sum'
    return sum(1, -1, 1, 1, -1, -1);
           ^~~
4 warnings and 2 errors generated.
configure:2668: $? = 1
configure: program exited with status 1
configure: failed program was:
| /* confdefs.h.  */
| #define PACKAGE_NAME ""
| #define PACKAGE_TARNAME ""
| #define PACKAGE_VERSION ""
| #define PACKAGE_STRING ""
| #define PACKAGE_BUGREPORT ""
| #define HAVE_LIBPTHREAD 1
| #define HAVE_LIBM 1
| /* end confdefs.h.  */
| 
| #include <boost/config.hpp>
| #include "test.hpp"
| 
| #if !defined(BOOST_NO_CXX17_FOLD_EXPRESSIONS) || defined(BOOST_NO_CONFIG)
| #include "boost_no_cxx17_fold_expressions.ipp"
| #else
| namespace boost_no_cxx17_fold_expressions = empty_boost;
| #endif
| 
| int main(){ return boost_no_cxx17_fold_expressions::test(); }
| 
configure:2688: result: Failed
configure:2630: checking C++17 header <optional> unavailable 
configure:2665: g++ -o conftest -I./../.. -I./../../libs/config/test -g -O2 -DBOOST_NO_CONFIG   conftest.cpp -lm -lpthread  >&5
In file included from conftest.cpp:15:
./../../libs/config/test/boost_no_cxx17_hdr_optional.ipp:19:14: error: no member named 'optional' in namespace 'std'
  using std::optional;
        ~~~~~^
1 error generated.
configure:2668: $? = 1
configure: program exited with status 1
configure: failed program was:
| /* confdefs.h.  */
| #define PACKAGE_NAME ""
| #define PACKAGE_TARNAME ""
| #define PACKAGE_VERSION ""
| #define PACKAGE_STRING ""
| #define PACKAGE_BUGREPORT ""
| #define HAVE_LIBPTHREAD 1
| #define HAVE_LIBM 1
| /* end confdefs.h.  */
| 
| #include <boost/config.hpp>
| #include "test.hpp"
| 
| #if !defined(BOOST_NO_CXX17_HDR_OPTIONAL) || defined(BOOST_NO_CONFIG)
| #include "boost_no_cxx17_hdr_optional.ipp"
| #else
| namespace boost_no_cxx17_hdr_optional = empty_boost;
| #endif
| 
| int main(){ return boost_no_cxx17_hdr_optional::test(); }
| 
configure:2688: result: Failed
configure:2630: checking C++17 header <string_view> unavailable 
configure:2665: g++ -o conftest -I./../.. -I./../../libs/config/test -g -O2 -DBOOST_NO_CONFIG   conftest.cpp -lm -lpthread  >&5
configure:2668: $? = 0
configure:2674: ./conftest
configure:2677: $? = 0
configure:2679: result: OK
configure:2630: checking C++17 if constexpr 
configure:2665: g++ -o conftest -I./../.. -I./../../libs/config/test -g -O2 -DBOOST_NO_CONFIG   conftest.cpp -lm -lpthread  >&5
In file included from conftest.cpp:15:
./../../libs/config/test/boost_no_cxx17_if_constexpr.ipp:19:12: error: unknown type name 'constexpr'
    static constexpr bool value = false;
           ^
./../../libs/config/test/boost_no_cxx17_if_constexpr.ipp:19:22: error: expected member name or ';' after declaration specifiers
    static constexpr bool value = false;
    ~~~~~~~~~~~~~~~~ ^
./../../libs/config/test/boost_no_cxx17_if_constexpr.ipp:25:12: error: unknown type name 'constexpr'
    static constexpr bool value = true;
           ^
./../../libs/config/test/boost_no_cxx17_if_constexpr.ipp:25:22: error: expected member name or ';' after declaration specifiers
    static constexpr bool value = true;
    ~~~~~~~~~~~~~~~~ ^
./../../libs/config/test/boost_no_cxx17_if_constexpr.ipp:30:8: error: expected '(' after 'if'
    if constexpr (true) {
       ^
./../../libs/config/test/boost_no_cxx17_if_constexpr.ipp:33:58: error: too many arguments provided to function-like macro invocation
                static_assert(!same<int, double>::value, "");
                                                         ^
/Applications/Xcode.app/Contents/Developer/Toolchains/XcodeDefault.xctoolchain/usr/include/c++/v1/__config:916:13: note: macro 'static_assert' defined here
#    define static_assert(__b, __m) _Static_assert(__b, __m)
            ^
6 errors generated.
configure:2668: $? = 1
configure: program exited with status 1
configure: failed program was:
| /* confdefs.h.  */
| #define PACKAGE_NAME ""
| #define PACKAGE_TARNAME ""
| #define PACKAGE_VERSION ""
| #define PACKAGE_STRING ""
| #define PACKAGE_BUGREPORT ""
| #define HAVE_LIBPTHREAD 1
| #define HAVE_LIBM 1
| /* end confdefs.h.  */
| 
| #include <boost/config.hpp>
| #include "test.hpp"
| 
| #if !defined(BOOST_NO_CXX17_IF_CONSTEXPR) || defined(BOOST_NO_CONFIG)
| #include "boost_no_cxx17_if_constexpr.ipp"
| #else
| namespace boost_no_cxx17_if_constexpr = empty_boost;
| #endif
| 
| int main(){ return boost_no_cxx17_if_constexpr::test(); }
| 
configure:2688: result: Failed
configure:2630: checking C++17 inline variables 
configure:2665: g++ -o conftest -I./../.. -I./../../libs/config/test -g -O2 -DBOOST_NO_CONFIG   conftest.cpp -lm -lpthread  >&5
In file included from conftest.cpp:15:
./../../libs/config/test/boost_no_cxx17_inline_variables.ipp:16:1: warning: inline variables are a C++17 extension [-Wc++17-extensions]
inline const int Value = 1;
^
./../../libs/config/test/boost_no_cxx17_inline_variables.ipp:19:11: warning: inline variables are a C++17 extension [-Wc++17-extensions]
   static inline const int value = 1;
          ^
2 warnings generated.
configure:2668: $? = 0
configure:2674: ./conftest
configure:2677: $? = 0
configure:2679: result: OK
configure:2630: checking C++17 std::iterator_traits 
configure:2665: g++ -o conftest -I./../.. -I./../../libs/config/test -g -O2 -DBOOST_NO_CONFIG   conftest.cpp -lm -lpthread  >&5
configure:2668: $? = 0
configure:2674: ./conftest
configure:2677: $? = 0
configure:2679: result: OK
configure:2630: checking apply 
configure:2665: g++ -o conftest -I./../.. -I./../../libs/config/test -g -O2 -DBOOST_NO_CONFIG   conftest.cpp -lm -lpthread  >&5
In file included from conftest.cpp:15:
./../../libs/config/test/boost_no_cxx17_std_apply.ipp:23:10: error: no member named 'apply' in namespace 'std'
    std::apply( foo, std::make_tuple( i, j) );
    ~~~~~^
./../../libs/config/test/boost_no_cxx17_std_apply.ipp:23:27: error: no member named 'make_tuple' in namespace 'std'
    std::apply( foo, std::make_tuple( i, j) );
                     ~~~~~^
2 errors generated.
configure:2668: $? = 1
configure: program exited with status 1
configure: failed program was:
| /* confdefs.h.  */
| #define PACKAGE_NAME ""
| #define PACKAGE_TARNAME ""
| #define PACKAGE_VERSION ""
| #define PACKAGE_STRING ""
| #define PACKAGE_BUGREPORT ""
| #define HAVE_LIBPTHREAD 1
| #define HAVE_LIBM 1
| /* end confdefs.h.  */
| 
| #include <boost/config.hpp>
| #include "test.hpp"
| 
| #if !defined(BOOST_NO_CXX17_STD_APPLY) || defined(BOOST_NO_CONFIG)
| #include "boost_no_cxx17_std_apply.ipp"
| #else
| namespace boost_no_cxx17_std_apply = empty_boost;
| #endif
| 
| int main(){ return boost_no_cxx17_std_apply::test(); }
| 
configure:2688: result: Failed
configure:2630: checking invoke 
configure:2665: g++ -o conftest -I./../.. -I./../../libs/config/test -g -O2 -DBOOST_NO_CONFIG   conftest.cpp -lm -lpthread  >&5
In file included from conftest.cpp:15:
./../../libs/config/test/boost_no_cxx17_std_invoke.ipp:22:5: warning: 'typename' occurs outside of a template [-Wc++11-extensions]
    typename std::invoke_result<int(&)(int,int), int, int>::type t = std::invoke( foo, i, j);
    ^~~~~~~~~
./../../libs/config/test/boost_no_cxx17_std_invoke.ipp:22:19: error: no type named 'invoke_result' in namespace 'std'
    typename std::invoke_result<int(&)(int,int), int, int>::type t = std::invoke( foo, i, j);
    ~~~~~~~~~~~~~~^~~~~~~~~~~~~
./../../libs/config/test/boost_no_cxx17_std_invoke.ipp:22:32: error: expected unqualified-id
    typename std::invoke_result<int(&)(int,int), int, int>::type t = std::invoke( foo, i, j);
                               ^
1 warning and 2 errors generated.
configure:2668: $? = 1
configure: program exited with status 1
configure: failed program was:
| /* confdefs.h.  */
| #define PACKAGE_NAME ""
| #define PACKAGE_TARNAME ""
| #define PACKAGE_VERSION ""
| #define PACKAGE_STRING ""
| #define PACKAGE_BUGREPORT ""
| #define HAVE_LIBPTHREAD 1
| #define HAVE_LIBM 1
| /* end confdefs.h.  */
| 
| #include <boost/config.hpp>
| #include "test.hpp"
| 
| #if !defined(BOOST_NO_CXX17_STD_INVOKE) || defined(BOOST_NO_CONFIG)
| #include "boost_no_cxx17_std_invoke.ipp"
| #else
| namespace boost_no_cxx17_std_invoke = empty_boost;
| #endif
| 
| int main(){ return boost_no_cxx17_std_invoke::test(); }
| 
configure:2688: result: Failed
configure:2630: checking C++17 structured bindings 
configure:2665: g++ -o conftest -I./../.. -I./../../libs/config/test -g -O2 -DBOOST_NO_CONFIG   conftest.cpp -lm -lpthread  >&5
In file included from conftest.cpp:15:
./../../libs/config/test/boost_no_cxx17_structured_bindings.ipp:25:5: warning: 'auto' type specifier is a C++11 extension [-Wc++11-extensions]
    auto [c, d] = std::make_tuple(1, 2);
    ^
./../../libs/config/test/boost_no_cxx17_structured_bindings.ipp:25:10: warning: decomposition declarations are a C++17 extension [-Wc++17-extensions]
    auto [c, d] = std::make_tuple(1, 2);
         ^~~~~~
./../../libs/config/test/boost_no_cxx17_structured_bindings.ipp:25:24: error: no member named 'make_tuple' in namespace 'std'
    auto [c, d] = std::make_tuple(1, 2);
                  ~~~~~^
./../../libs/config/test/boost_no_cxx17_structured_bindings.ipp:29:5: warning: 'auto' type specifier is a C++11 extension [-Wc++11-extensions]
    auto [a, b] = P{1, 2};
    ^
./../../libs/config/test/boost_no_cxx17_structured_bindings.ipp:29:10: warning: decomposition declarations are a C++17 extension [-Wc++17-extensions]
    auto [a, b] = P{1, 2};
         ^~~~~~
./../../libs/config/test/boost_no_cxx17_structured_bindings.ipp:29:20: error: expected '(' for function-style cast or type construction
    auto [a, b] = P{1, 2};
                  ~^
4 warnings and 2 errors generated.
configure:2668: $? = 1
configure: program exited with status 1
configure: failed program was:
| /* confdefs.h.  */
| #define PACKAGE_NAME ""
| #define PACKAGE_TARNAME ""
| #define PACKAGE_VERSION ""
| #define PACKAGE_STRING ""
| #define PACKAGE_BUGREPORT ""
| #define HAVE_LIBPTHREAD 1
| #define HAVE_LIBM 1
| /* end confdefs.h.  */
| 
| #include <boost/config.hpp>
| #include "test.hpp"
| 
| #if !defined(BOOST_NO_CXX17_STRUCTURED_BINDINGS) || defined(BOOST_NO_CONFIG)
| #include "boost_no_cxx17_structured_bindings.ipp"
| #else
| namespace boost_no_cxx17_structured_bindings = empty_boost;
| #endif
| 
| int main(){ return boost_no_cxx17_structured_bindings::test(); }
| 
configure:2688: result: Failed
configure:2630: checking std::bind1st, prt_fun and mem_fun 
configure:2665: g++ -o conftest -I./../.. -I./../../libs/config/test -g -O2 -DBOOST_NO_CONFIG   conftest.cpp -lm -lpthread  >&5
configure:2668: $? = 0
configure:2674: ./conftest
configure:2677: $? = 0
configure:2679: result: OK
configure:2630: checking std::unary_function and std::binary_function 
configure:2665: g++ -o conftest -I./../.. -I./../../libs/config/test -g -O2 -DBOOST_NO_CONFIG   conftest.cpp -lm -lpthread  >&5
configure:2668: $? = 0
configure:2674: ./conftest
configure:2677: $? = 0
configure:2679: result: OK
configure:2630: checking std::random_shuffle 
configure:2665: g++ -o conftest -I./../.. -I./../../libs/config/test -g -O2 -DBOOST_NO_CONFIG   conftest.cpp -lm -lpthread  >&5
configure:2668: $? = 0
configure:2674: ./conftest
configure:2677: $? = 0
configure:2679: result: OK
configure:2630: checking C++11 <functional> unavailable 
configure:2665: g++ -o conftest -I./../.. -I./../../libs/config/test -g -O2 -DBOOST_NO_CONFIG   conftest.cpp -lm -lpthread  >&5
In file included from conftest.cpp:15:
./../../libs/config/test/boost_no_cxx_hdr_functional.ipp:36:9: error: no member named 'bind' in namespace 'std'
   std::bind(f, std::placeholders::_1, 0.0f);
   ~~~~~^
1 error generated.
configure:2668: $? = 1
configure: program exited with status 1
configure: failed program was:
| /* confdefs.h.  */
| #define PACKAGE_NAME ""
| #define PACKAGE_TARNAME ""
| #define PACKAGE_VERSION ""
| #define PACKAGE_STRING ""
| #define PACKAGE_BUGREPORT ""
| #define HAVE_LIBPTHREAD 1
| #define HAVE_LIBM 1
| /* end confdefs.h.  */
| 
| #include <boost/config.hpp>
| #include "test.hpp"
| 
| #if !defined(BOOST_NO_CXX11_HDR_FUNCTIONAL) || defined(BOOST_NO_CONFIG)
| #include "boost_no_cxx_hdr_functional.ipp"
| #else
| namespace boost_no_cxx11_hdr_functional = empty_boost;
| #endif
| 
| int main(){ return boost_no_cxx11_hdr_functional::test(); }
| 
configure:2688: result: Failed
configure:2630: checking C++0x decltype unavailable 
configure:2665: g++ -o conftest -I./../.. -I./../../libs/config/test -g -O2 -DBOOST_NO_CONFIG   conftest.cpp -lm -lpthread  >&5
configure:2668: $? = 0
configure:2674: ./conftest
configure:2677: $? = 0
configure:2679: result: OK
configure:2630: checking C++0x decltype v1.1 unavailable 
configure:2665: g++ -o conftest -I./../.. -I./../../libs/config/test -g -O2 -DBOOST_NO_CONFIG   conftest.cpp -lm -lpthread  >&5
configure:2668: $? = 0
configure:2674: ./conftest
configure:2677: $? = 0
configure:2679: result: OK
configure:2630: checking deduced typenames 
configure:2665: g++ -o conftest -I./../.. -I./../../libs/config/test -g -O2 -DBOOST_NO_CONFIG   conftest.cpp -lm -lpthread  >&5
configure:2668: $? = 0
configure:2674: ./conftest
configure:2677: $? = 0
configure:2679: result: OK
configure:2630: checking C++0x defaulted functions unavailable 
configure:2665: g++ -o conftest -I./../.. -I./../../libs/config/test -g -O2 -DBOOST_NO_CONFIG   conftest.cpp -lm -lpthread  >&5
In file included from conftest.cpp:15:
./../../libs/config/test/boost_no_defaulted_functions.ipp:14:4: error: Defaulted functions are not supported in non-C++0x mode
#  error Defaulted functions are not supported in non-C++0x mode
   ^
./../../libs/config/test/boost_no_defaulted_functions.ipp:20:13: warning: defaulted function definitions are a C++11 extension [-Wc++11-extensions]
    foo() = default;
            ^
1 warning and 1 error generated.
configure:2668: $? = 1
configure: program exited with status 1
configure: failed program was:
| /* confdefs.h.  */
| #define PACKAGE_NAME ""
| #define PACKAGE_TARNAME ""
| #define PACKAGE_VERSION ""
| #define PACKAGE_STRING ""
| #define PACKAGE_BUGREPORT ""
| #define HAVE_LIBPTHREAD 1
| #define HAVE_LIBM 1
| /* end confdefs.h.  */
| 
| #include <boost/config.hpp>
| #include "test.hpp"
| 
| #if !defined(BOOST_NO_CXX11_DEFAULTED_FUNCTIONS) || defined(BOOST_NO_CONFIG)
| #include "boost_no_defaulted_functions.ipp"
| #else
| namespace boost_no_cxx11_defaulted_functions = empty_boost;
| #endif
| 
| int main(){ return boost_no_cxx11_defaulted_functions::test(); }
| 
configure:2688: result: Failed
configure:2630: checking C++0x =delete functions unavailable 
configure:2665: g++ -o conftest -I./../.. -I./../../libs/config/test -g -O2 -DBOOST_NO_CONFIG   conftest.cpp -lm -lpthread  >&5
In file included from conftest.cpp:15:
./../../libs/config/test/boost_no_deleted_functions.ipp:14:4: error: Deleted functions are not supported in non-C++0x mode
#  error Deleted functions are not supported in non-C++0x mode
   ^
./../../libs/config/test/boost_no_deleted_functions.ipp:20:13: warning: deleted function definitions are a C++11 extension [-Wc++11-extensions]
    foo() = delete;
            ^
1 warning and 1 error generated.
configure:2668: $? = 1
configure: program exited with status 1
configure: failed program was:
| /* confdefs.h.  */
| #define PACKAGE_NAME ""
| #define PACKAGE_TARNAME ""
| #define PACKAGE_VERSION ""
| #define PACKAGE_STRING ""
| #define PACKAGE_BUGREPORT ""
| #define HAVE_LIBPTHREAD 1
| #define HAVE_LIBM 1
| /* end confdefs.h.  */
| 
| #include <boost/config.hpp>
| #include "test.hpp"
| 
| #if !defined(BOOST_NO_CXX11_DELETED_FUNCTIONS) || defined(BOOST_NO_CONFIG)
| #include "boost_no_deleted_functions.ipp"
| #else
| namespace boost_no_cxx11_deleted_functions = empty_boost;
| #endif
| 
| int main(){ return boost_no_cxx11_deleted_functions::test(); }
| 
configure:2688: result: Failed
configure:2630: checking dependent nested template classes 
configure:2665: g++ -o conftest -I./../.. -I./../../libs/config/test -g -O2 -DBOOST_NO_CONFIG   conftest.cpp -lm -lpthread  >&5
configure:2668: $? = 0
configure:2674: ./conftest
configure:2677: $? = 0
configure:2679: result: OK
configure:2630: checking dependent non-type template parameters 
configure:2665: g++ -o conftest -I./../.. -I./../../libs/config/test -g -O2 -DBOOST_NO_CONFIG   conftest.cpp -lm -lpthread  >&5
configure:2668: $? = 0
configure:2674: ./conftest
configure:2677: $? = 0
configure:2679: result: OK
configure:2630: checking <exception> is in namespace std 
configure:2665: g++ -o conftest -I./../.. -I./../../libs/config/test -g -O2 -DBOOST_NO_CONFIG   conftest.cpp -lm -lpthread  >&5
configure:2668: $? = 0
configure:2674: ./conftest
configure:2677: $? = 0
configure:2679: result: OK
configure:2630: checking exception handling support 
configure:2665: g++ -o conftest -I./../.. -I./../../libs/config/test -g -O2 -DBOOST_NO_CONFIG   conftest.cpp -lm -lpthread  >&5
configure:2668: $? = 0
configure:2674: ./conftest
configure:2677: $? = 0
configure:2679: result: OK
configure:2630: checking non-deduced function template parameters 
configure:2665: g++ -o conftest -I./../.. -I./../../libs/config/test -g -O2 -DBOOST_NO_CONFIG   conftest.cpp -lm -lpthread  >&5
configure:2668: $? = 0
configure:2674: ./conftest
configure:2677: $? = 0
configure:2679: result: OK
configure:2630: checking C++0x explicit conversion operators unavailable 
configure:2665: g++ -o conftest -I./../.. -I./../../libs/config/test -g -O2 -DBOOST_NO_CONFIG   conftest.cpp -lm -lpthread  >&5
In file included from conftest.cpp:15:
./../../libs/config/test/boost_no_explicit_cvt_ops.ipp:14:4: error: This feature is not available in non-C++0x mode
#  error This feature is not available in non-C++0x mode
   ^
./../../libs/config/test/boost_no_explicit_cvt_ops.ipp:22:5: warning: explicit conversion functions are a C++11 extension [-Wc++11-extensions]
    explicit operator int() { return 1; }
    ^~~~~~~~
1 warning and 1 error generated.
configure:2668: $? = 1
configure: program exited with status 1
configure: failed program was:
| /* confdefs.h.  */
| #define PACKAGE_NAME ""
| #define PACKAGE_TARNAME ""
| #define PACKAGE_VERSION ""
| #define PACKAGE_STRING ""
| #define PACKAGE_BUGREPORT ""
| #define HAVE_LIBPTHREAD 1
| #define HAVE_LIBM 1
| /* end confdefs.h.  */
| 
| #include <boost/config.hpp>
| #include "test.hpp"
| 
| #if !defined(BOOST_NO_CXX11_EXPLICIT_CONVERSION_OPERATORS) || defined(BOOST_NO_CONFIG)
| #include "boost_no_explicit_cvt_ops.ipp"
| #else
| namespace boost_no_cxx11_explicit_conversion_operators = empty_boost;
| #endif
| 
| int main(){ return boost_no_cxx11_explicit_conversion_operators::test(); }
| 
configure:2688: result: Failed
configure:2630: checking C++0x extern template unavailable 
configure:2665: g++ -o conftest -I./../.. -I./../../libs/config/test -g -O2 -DBOOST_NO_CONFIG   conftest.cpp -lm -lpthread  >&5
configure:2668: $? = 0
configure:2674: ./conftest
configure:2677: $? = 0
configure:2679: result: OK
configure:2630: checking fenv.h 
configure:2665: g++ -o conftest -I./../.. -I./../../libs/config/test -g -O2 -DBOOST_NO_CONFIG   conftest.cpp -lm -lpthread  >&5
configure:2668: $? = 0
configure:2674: ./conftest
configure:2677: $? = 0
configure:2679: result: OK
configure:2630: checking C++0x variadic templates unavailable 
configure:2665: g++ -o conftest -I./../.. -I./../../libs/config/test -g -O2 -DBOOST_NO_CONFIG   conftest.cpp -lm -lpthread  >&5
In file included from conftest.cpp:15:
./../../libs/config/test/boost_no_fixed_len_variadic_templates.ipp:14:34: warning: variadic templates are a C++11 extension [-Wc++11-extensions]
template<char one, char two, char... Others> struct char_tuple {};
                                 ^
./../../libs/config/test/boost_no_fixed_len_variadic_templates.ipp:16:14: warning: variadic templates are a C++11 extension [-Wc++11-extensions]
template<char... Args> struct super_class : public char_tuple<Args...> {};
             ^
2 warnings generated.
configure:2668: $? = 0
configure:2674: ./conftest
configure:2677: $? = 0
configure:2679: result: OK
configure:2630: checking no function template ordering 
configure:2665: g++ -o conftest -I./../.. -I./../../libs/config/test -g -O2 -DBOOST_NO_CONFIG   conftest.cpp -lm -lpthread  >&5
configure:2668: $? = 0
configure:2674: ./conftest
configure:2677: $? = 0
configure:2679: result: OK
configure:2630: checking Default template arguments for function templates 
configure:2665: g++ -o conftest -I./../.. -I./../../libs/config/test -g -O2 -DBOOST_NO_CONFIG   conftest.cpp -lm -lpthread  >&5
In file included from conftest.cpp:15:
./../../libs/config/test/boost_no_function_template_default_args.ipp:15:19: warning: default template arguments for a function template are a C++11 extension [-Wc++11-extensions]
template<typename T = int>
                  ^   ~~~
1 warning generated.
configure:2668: $? = 0
configure:2674: ./conftest
configure:2677: $? = 0
configure:2679: result: OK
configure:2630: checking template specialisations of function types 
configure:2665: g++ -o conftest -I./../.. -I./../../libs/config/test -g -O2 -DBOOST_NO_CONFIG   conftest.cpp -lm -lpthread  >&5
configure:2668: $? = 0
configure:2674: ./conftest
configure:2677: $? = 0
configure:2679: result: OK
configure:2630: checking std::numeric_limits<__int64> 
configure:2665: g++ -o conftest -I./../.. -I./../../libs/config/test -g -O2 -DBOOST_NO_CONFIG   conftest.cpp -lm -lpthread  >&5
In file included from conftest.cpp:15:
./../../libs/config/test/boost_no_i64_limits.ipp:19:32: error: use of undeclared identifier '__int64'
   if(0 == std::numeric_limits<__int64>::is_specialized) return -1;
                               ^
./../../libs/config/test/boost_no_i64_limits.ipp:20:41: error: type-id cannot have a name
   if(0 == std::numeric_limits<unsigned __int64>::is_specialized) return -1;
                                        ^~~~~~~
2 errors generated.
configure:2668: $? = 1
configure: program exited with status 1
configure: failed program was:
| /* confdefs.h.  */
| #define PACKAGE_NAME ""
| #define PACKAGE_TARNAME ""
| #define PACKAGE_VERSION ""
| #define PACKAGE_STRING ""
| #define PACKAGE_BUGREPORT ""
| #define HAVE_LIBPTHREAD 1
| #define HAVE_LIBM 1
| /* end confdefs.h.  */
| 
| #include <boost/config.hpp>
| #include "test.hpp"
| 
| #if !defined(BOOST_NO_MS_INT64_NUMERIC_LIMITS) || defined(BOOST_NO_CONFIG)
| #include "boost_no_i64_limits.ipp"
| #else
| namespace boost_no_ms_int64_numeric_limits = empty_boost;
| #endif
| 
| int main(){ return boost_no_ms_int64_numeric_limits::test(); }
| 
configure:2688: result: Failed
configure:2630: checking inline member constant initialisation 
configure:2665: g++ -o conftest -I./../.. -I./../../libs/config/test -g -O2 -DBOOST_NO_CONFIG   conftest.cpp -lm -lpthread  >&5
configure:2668: $? = 0
configure:2674: ./conftest
configure:2677: $? = 0
configure:2679: result: OK
configure:2630: checking long long and integral constant expressions 
configure:2665: g++ -o conftest -I./../.. -I./../../libs/config/test -g -O2 -DBOOST_NO_CONFIG   conftest.cpp -lm -lpthread  >&5
configure:2668: $? = 0
configure:2674: ./conftest
configure:2677: $? = 0
configure:2679: result: OK
configure:2630: checking <iosfwd> 
configure:2665: g++ -o conftest -I./../.. -I./../../libs/config/test -g -O2 -DBOOST_NO_CONFIG   conftest.cpp -lm -lpthread  >&5
configure:2668: $? = 0
configure:2674: ./conftest
configure:2677: $? = 0
configure:2679: result: OK
configure:2630: checking No iostream support 
configure:2665: g++ -o conftest -I./../.. -I./../../libs/config/test -g -O2 -DBOOST_NO_CONFIG   conftest.cpp -lm -lpthread  >&5
configure:2668: $? = 0
configure:2674: ./conftest
configure:2677: $? = 0
configure:2679: result: OK
configure:2630: checking is_abstract implementation technique 
configure:2665: g++ -o conftest -I./../.. -I./../../libs/config/test -g -O2 -DBOOST_NO_CONFIG   conftest.cpp -lm -lpthread  >&5
configure:2668: $? = 0
configure:2674: ./conftest
configure:2677: $? = 0
configure:2679: result: OK
configure:2630: checking template iterator-constructors 
configure:2665: g++ -o conftest -I./../.. -I./../../libs/config/test -g -O2 -DBOOST_NO_CONFIG   conftest.cpp -lm -lpthread  >&5
configure:2668: $? = 0
configure:2674: ./conftest
configure:2677: $? = 0
configure:2679: result: OK
configure:2630: checking C++0x lambda feature unavailable 
configure:2665: g++ -o conftest -I./../.. -I./../../libs/config/test -g -O2 -DBOOST_NO_CONFIG   conftest.cpp -lm -lpthread  >&5
In file included from conftest.cpp:15:
./../../libs/config/test/boost_no_lambdas.ipp:14:4: error: This feature is not available in non-C++0x mode
#  error This feature is not available in non-C++0x mode
   ^
./../../libs/config/test/boost_no_lambdas.ipp:27:12: error: expected expression
  return f([](){ return 0; });
           ^
2 errors generated.
configure:2668: $? = 1
configure: program exited with status 1
configure: failed program was:
| /* confdefs.h.  */
| #define PACKAGE_NAME ""
| #define PACKAGE_TARNAME ""
| #define PACKAGE_VERSION ""
| #define PACKAGE_STRING ""
| #define PACKAGE_BUGREPORT ""
| #define HAVE_LIBPTHREAD 1
| #define HAVE_LIBM 1
| /* end confdefs.h.  */
| 
| #include <boost/config.hpp>
| #include "test.hpp"
| 
| #if !defined(BOOST_NO_CXX11_LAMBDAS) || defined(BOOST_NO_CONFIG)
| #include "boost_no_lambdas.ipp"
| #else
| namespace boost_no_cxx11_lambdas = empty_boost;
| #endif
| 
| int main(){ return boost_no_cxx11_lambdas::test(); }
| 
configure:2688: result: Failed
configure:2630: checking <limits> 
configure:2665: g++ -o conftest -I./../.. -I./../../libs/config/test -g -O2 -DBOOST_NO_CONFIG   conftest.cpp -lm -lpthread  >&5
configure:2668: $? = 0
configure:2674: ./conftest
configure:2677: $? = 0
configure:2679: result: OK
configure:2630: checking compile time constants in <limits> 
configure:2665: g++ -o conftest -I./../.. -I./../../libs/config/test -g -O2 -DBOOST_NO_CONFIG   conftest.cpp -lm -lpthread  >&5
configure:2668: $? = 0
configure:2674: ./conftest
configure:2677: $? = 0
configure:2679: result: OK
configure:2630: checking std::numeric_limits<long long> 
configure:2665: g++ -o conftest -I./../.. -I./../../libs/config/test -g -O2 -DBOOST_NO_CONFIG   conftest.cpp -lm -lpthread  >&5
configure:2668: $? = 0
configure:2674: ./conftest
configure:2677: $? = 0
configure:2679: result: OK
configure:2630: checking C++0x long long unavailable 
configure:2665: g++ -o conftest -I./../.. -I./../../libs/config/test -g -O2 -DBOOST_NO_CONFIG   conftest.cpp -lm -lpthread  >&5
configure:2668: $? = 0
configure:2674: ./conftest
configure:2677: $? = 0
configure:2679: result: OK
configure:2630: checking Specialisation of individual member functions. 
configure:2665: g++ -o conftest -I./../.. -I./../../libs/config/test -g -O2 -DBOOST_NO_CONFIG   conftest.cpp -lm -lpthread  >&5
configure:2668: $? = 0
configure:2674: ./conftest
configure:2677: $? = 0
configure:2679: result: OK
configure:2630: checking member templates keyword 
configure:2665: g++ -o conftest -I./../.. -I./../../libs/config/test -g -O2 -DBOOST_NO_CONFIG   conftest.cpp -lm -lpthread  >&5
configure:2668: $? = 0
configure:2674: ./conftest
configure:2677: $? = 0
configure:2679: result: OK
configure:2630: checking pointers to members as template arguments 
configure:2665: g++ -o conftest -I./../.. -I./../../libs/config/test -g -O2 -DBOOST_NO_CONFIG   conftest.cpp -lm -lpthread  >&5
configure:2668: $? = 0
configure:2674: ./conftest
configure:2677: $? = 0
configure:2679: result: OK
configure:2630: checking member template friends 
configure:2665: g++ -o conftest -I./../.. -I./../../libs/config/test -g -O2 -DBOOST_NO_CONFIG   conftest.cpp -lm -lpthread  >&5
configure:2668: $? = 0
configure:2674: ./conftest
configure:2677: $? = 0
configure:2679: result: OK
configure:2630: checking member templates 
configure:2665: g++ -o conftest -I./../.. -I./../../libs/config/test -g -O2 -DBOOST_NO_CONFIG   conftest.cpp -lm -lpthread  >&5
configure:2668: $? = 0
configure:2674: ./conftest
configure:2677: $? = 0
configure:2679: result: OK
configure:2630: checking Access to private members from nested classes 
configure:2665: g++ -o conftest -I./../.. -I./../../libs/config/test -g -O2 -DBOOST_NO_CONFIG   conftest.cpp -lm -lpthread  >&5
configure:2668: $? = 0
configure:2674: ./conftest
configure:2677: $? = 0
configure:2679: result: OK
configure:2630: checking C++0x noexcept unavailable 
configure:2665: g++ -o conftest -I./../.. -I./../../libs/config/test -g -O2 -DBOOST_NO_CONFIG   conftest.cpp -lm -lpthread  >&5
In file included from conftest.cpp:15:
./../../libs/config/test/boost_no_noexcept.ipp:16:9: error: expected function body after function declarator
int f() noexcept ;
        ^
./../../libs/config/test/boost_no_noexcept.ipp:17:9: error: expected function body after function declarator
int g() noexcept( noexcept( f() ) ) ;
        ^
./../../libs/config/test/boost_no_noexcept.ipp:21:22: error: use of undeclared identifier 'g'
  bool b = noexcept( g() );
                     ^
3 errors generated.
configure:2668: $? = 1
configure: program exited with status 1
configure: failed program was:
| /* confdefs.h.  */
| #define PACKAGE_NAME ""
| #define PACKAGE_TARNAME ""
| #define PACKAGE_VERSION ""
| #define PACKAGE_STRING ""
| #define PACKAGE_BUGREPORT ""
| #define HAVE_LIBPTHREAD 1
| #define HAVE_LIBM 1
| /* end confdefs.h.  */
| 
| #include <boost/config.hpp>
| #include "test.hpp"
| 
| #if !defined(BOOST_NO_CXX11_NOEXCEPT) || defined(BOOST_NO_CONFIG)
| #include "boost_no_noexcept.ipp"
| #else
| namespace boost_no_cxx11_noexcept = empty_boost;
| #endif
| 
| int main(){ return boost_no_cxx11_noexcept::test(); }
| 
configure:2688: result: Failed
configure:2630: checking C++0x nullptr feature unavailable 
configure:2665: g++ -o conftest -I./../.. -I./../../libs/config/test -g -O2 -DBOOST_NO_CONFIG   conftest.cpp -lm -lpthread  >&5
In file included from conftest.cpp:15:
./../../libs/config/test/boost_no_nullptr.ipp:19:13: error: use of undeclared identifier 'nullptr'
  int * p = nullptr;
            ^
1 error generated.
configure:2668: $? = 1
configure: program exited with status 1
configure: failed program was:
| /* confdefs.h.  */
| #define PACKAGE_NAME ""
| #define PACKAGE_TARNAME ""
| #define PACKAGE_VERSION ""
| #define PACKAGE_STRING ""
| #define PACKAGE_BUGREPORT ""
| #define HAVE_LIBPTHREAD 1
| #define HAVE_LIBM 1
| /* end confdefs.h.  */
| 
| #include <boost/config.hpp>
| #include "test.hpp"
| 
| #if !defined(BOOST_NO_CXX11_NULLPTR) || defined(BOOST_NO_CONFIG)
| #include "boost_no_nullptr.ipp"
| #else
| namespace boost_no_cxx11_nullptr = empty_boost;
| #endif
| 
| int main(){ return boost_no_cxx11_nullptr::test(); }
| 
configure:2688: result: Failed
configure:2630: checking friend operators in namespace 
configure:2665: g++ -o conftest -I./../.. -I./../../libs/config/test -g -O2 -DBOOST_NO_CONFIG   conftest.cpp -lm -lpthread  >&5
configure:2668: $? = 0
configure:2674: ./conftest
configure:2677: $? = 0
configure:2679: result: OK
configure:2630: checking Default arguments in partial specialization 
configure:2665: g++ -o conftest -I./../.. -I./../../libs/config/test -g -O2 -DBOOST_NO_CONFIG   conftest.cpp -lm -lpthread  >&5
configure:2668: $? = 0
configure:2674: ./conftest
configure:2677: $? = 0
configure:2679: result: OK
configure:2630: checking partial specialisation 
configure:2665: g++ -o conftest -I./../.. -I./../../libs/config/test -g -O2 -DBOOST_NO_CONFIG   conftest.cpp -lm -lpthread  >&5
configure:2668: $? = 0
configure:2674: ./conftest
configure:2677: $? = 0
configure:2679: result: OK
configure:2630: checking private in aggregate types 
configure:2665: g++ -o conftest -I./../.. -I./../../libs/config/test -g -O2 -DBOOST_NO_CONFIG   conftest.cpp -lm -lpthread  >&5
configure:2668: $? = 0
configure:2674: ./conftest
configure:2677: $? = 0
configure:2679: result: OK
configure:2630: checking pointers to const member functions 
configure:2665: g++ -o conftest -I./../.. -I./../../libs/config/test -g -O2 -DBOOST_NO_CONFIG   conftest.cpp -lm -lpthread  >&5
configure:2668: $? = 0
configure:2674: ./conftest
configure:2677: $? = 0
configure:2679: result: OK
configure:2630: checking C++11 ranged-based for statement unavailable 
configure:2665: g++ -o conftest -I./../.. -I./../../libs/config/test -g -O2 -DBOOST_NO_CONFIG   conftest.cpp -lm -lpthread  >&5
In file included from conftest.cpp:15:
./../../libs/config/test/boost_no_range_based_for.ipp:18:15: warning: range-based for loop is a C++11 extension [-Wc++11-extensions]
  for (int& x : array)
              ^
1 warning generated.
configure:2668: $? = 0
configure:2674: ./conftest
configure:2677: $? = 0
configure:2679: result: OK
configure:2630: checking C++0x raw string literals unavailable 
configure:2665: g++ -o conftest -I./../.. -I./../../libs/config/test -g -O2 -DBOOST_NO_CONFIG   conftest.cpp -lm -lpthread  >&5
In file included from conftest.cpp:15:
./../../libs/config/test/boost_no_raw_literals.ipp:20:19: error: use of undeclared identifier 'R'
  const char* s = R"(abc)";
                  ^
./../../libs/config/test/boost_no_raw_literals.ipp:20:20: error: expected ';' at end of declaration
  const char* s = R"(abc)";
                   ^
                   ;
./../../libs/config/test/boost_no_raw_literals.ipp:22:23: error: use of undeclared identifier 'LR'
  const wchar_t* ws = LR"(abc)";
                      ^
./../../libs/config/test/boost_no_raw_literals.ipp:22:25: error: expected ';' at end of declaration
  const wchar_t* ws = LR"(abc)";
                        ^
                        ;
4 errors generated.
configure:2668: $? = 1
configure: program exited with status 1
configure: failed program was:
| /* confdefs.h.  */
| #define PACKAGE_NAME ""
| #define PACKAGE_TARNAME ""
| #define PACKAGE_VERSION ""
| #define PACKAGE_STRING ""
| #define PACKAGE_BUGREPORT ""
| #define HAVE_LIBPTHREAD 1
| #define HAVE_LIBM 1
| /* end confdefs.h.  */
| 
| #include <boost/config.hpp>
| #include "test.hpp"
| 
| #if !defined(BOOST_NO_CXX11_RAW_LITERALS) || defined(BOOST_NO_CONFIG)
| #include "boost_no_raw_literals.ipp"
| #else
| namespace boost_no_cxx11_raw_literals = empty_boost;
| #endif
| 
| int main(){ return boost_no_cxx11_raw_literals::test(); }
| 
configure:2688: result: Failed
configure:2630: checking We cannot apply BOOST_RESTRICT to a reference type. 
configure:2665: g++ -o conftest -I./../.. -I./../../libs/config/test -g -O2 -DBOOST_NO_CONFIG   conftest.cpp -lm -lpthread  >&5
configure:2668: $? = 0
configure:2674: ./conftest
configure:2677: $? = 0
configure:2679: result: OK
configure:2630: checking detection of unreachable returns 
configure:2665: g++ -o conftest -I./../.. -I./../../libs/config/test -g -O2 -DBOOST_NO_CONFIG   conftest.cpp -lm -lpthread  >&5
configure:2668: $? = 0
configure:2674: ./conftest
configure:2677: $? = 0
configure:2679: result: OK
configure:2630: checking RTTI unavailable 
configure:2665: g++ -o conftest -I./../.. -I./../../libs/config/test -g -O2 -DBOOST_NO_CONFIG   conftest.cpp -lm -lpthread  >&5
configure:2668: $? = 0
configure:2674: ./conftest
configure:2677: $? = 0
configure:2679: result: OK
configure:2630: checking C++0x rvalue references unavailable 
configure:2665: g++ -o conftest -I./../.. -I./../../libs/config/test -g -O2 -DBOOST_NO_CONFIG   conftest.cpp -lm -lpthread  >&5
In file included from conftest.cpp:15:
./../../libs/config/test/boost_no_rvalue_references.ipp:17:20: warning: rvalue references are a C++11 extension [-Wc++11-extensions]
void forward(F f, T&& t) { f(static_cast<T&&>(t)); }
                   ^
./../../libs/config/test/boost_no_rvalue_references.ipp:17:43: warning: rvalue references are a C++11 extension [-Wc++11-extensions]
void forward(F f, T&& t) { f(static_cast<T&&>(t)); }
                                          ^
2 warnings generated.
configure:2668: $? = 0
configure:2674: ./conftest
configure:2677: $? = 0
configure:2679: result: OK
configure:2630: checking C++0x scoped enum unavailable 
configure:2665: g++ -o conftest -I./../.. -I./../../libs/config/test -g -O2 -DBOOST_NO_CONFIG   conftest.cpp -lm -lpthread  >&5
In file included from conftest.cpp:15:
./../../libs/config/test/boost_no_scoped_enums.ipp:17:8: warning: scoped enumerations are a C++11 extension [-Wc++11-extensions]
  enum class scoped_enum { yes, no, maybe };
       ^
./../../libs/config/test/boost_no_scoped_enums.ipp:19:13: warning: use of enumeration in a nested name specifier is a C++11 extension [-Wc++11-extensions]
  bool b = (scoped_enum::yes == scoped_enum::yes) 
            ^
./../../libs/config/test/boost_no_scoped_enums.ipp:19:33: warning: use of enumeration in a nested name specifier is a C++11 extension [-Wc++11-extensions]
  bool b = (scoped_enum::yes == scoped_enum::yes) 
                                ^
./../../libs/config/test/boost_no_scoped_enums.ipp:19:30: warning: self-comparison always evaluates to true [-Wtautological-compare]
  bool b = (scoped_enum::yes == scoped_enum::yes) 
                             ^
./../../libs/config/test/boost_no_scoped_enums.ipp:20:8: warning: use of enumeration in a nested name specifier is a C++11 extension [-Wc++11-extensions]
   && (scoped_enum::yes != scoped_enum::no) 
       ^
./../../libs/config/test/boost_no_scoped_enums.ipp:20:28: warning: use of enumeration in a nested name specifier is a C++11 extension [-Wc++11-extensions]
   && (scoped_enum::yes != scoped_enum::no) 
                           ^
./../../libs/config/test/boost_no_scoped_enums.ipp:21:8: warning: use of enumeration in a nested name specifier is a C++11 extension [-Wc++11-extensions]
   && (scoped_enum::yes < scoped_enum::no) 
       ^
./../../libs/config/test/boost_no_scoped_enums.ipp:21:27: warning: use of enumeration in a nested name specifier is a C++11 extension [-Wc++11-extensions]
   && (scoped_enum::yes < scoped_enum::no) 
                          ^
./../../libs/config/test/boost_no_scoped_enums.ipp:22:8: warning: use of enumeration in a nested name specifier is a C++11 extension [-Wc++11-extensions]
   && (scoped_enum::yes <= scoped_enum::no) 
       ^
./../../libs/config/test/boost_no_scoped_enums.ipp:22:28: warning: use of enumeration in a nested name specifier is a C++11 extension [-Wc++11-extensions]
   && (scoped_enum::yes <= scoped_enum::no) 
                           ^
./../../libs/config/test/boost_no_scoped_enums.ipp:23:8: warning: use of enumeration in a nested name specifier is a C++11 extension [-Wc++11-extensions]
   && (scoped_enum::no > scoped_enum::yes) 
       ^
./../../libs/config/test/boost_no_scoped_enums.ipp:23:26: warning: use of enumeration in a nested name specifier is a C++11 extension [-Wc++11-extensions]
   && (scoped_enum::no > scoped_enum::yes) 
                         ^
./../../libs/config/test/boost_no_scoped_enums.ipp:24:8: warning: use of enumeration in a nested name specifier is a C++11 extension [-Wc++11-extensions]
   && (scoped_enum::no >= scoped_enum::yes);
       ^
./../../libs/config/test/boost_no_scoped_enums.ipp:24:27: warning: use of enumeration in a nested name specifier is a C++11 extension [-Wc++11-extensions]
   && (scoped_enum::no >= scoped_enum::yes);
                          ^
14 warnings generated.
configure:2668: $? = 0
configure:2674: ./conftest
configure:2677: $? = 0
configure:2679: result: OK
configure:2630: checking SFINAE (substitution failure is not an error) 
configure:2665: g++ -o conftest -I./../.. -I./../../libs/config/test -g -O2 -DBOOST_NO_CONFIG   conftest.cpp -lm -lpthread  >&5
configure:2668: $? = 0
configure:2674: ./conftest
configure:2677: $? = 0
configure:2679: result: OK
configure:2630: checking SFINAE for expressions 
configure:2665: g++ -o conftest -I./../.. -I./../../libs/config/test -g -O2 -DBOOST_NO_CONFIG   conftest.cpp -lm -lpthread  >&5
configure:2668: $? = 0
configure:2674: ./conftest
configure:2677: $? = 0
configure:2679: result: OK
configure:2630: checking <sstream> 
configure:2665: g++ -o conftest -I./../.. -I./../../libs/config/test -g -O2 -DBOOST_NO_CONFIG   conftest.cpp -lm -lpthread  >&5
configure:2668: $? = 0
configure:2674: ./conftest
configure:2677: $? = 0
configure:2679: result: OK
configure:2630: checking C++0x static_assert unavailable 
configure:2665: g++ -o conftest -I./../.. -I./../../libs/config/test -g -O2 -DBOOST_NO_CONFIG   conftest.cpp -lm -lpthread  >&5
configure:2668: $? = 0
configure:2674: ./conftest
configure:2677: $? = 0
configure:2679: result: OK
configure:2630: checking std::allocator 
configure:2665: g++ -o conftest -I./../.. -I./../../libs/config/test -g -O2 -DBOOST_NO_CONFIG   conftest.cpp -lm -lpthread  >&5
configure:2668: $? = 0
configure:2674: ./conftest
configure:2677: $? = 0
configure:2679: result: OK
configure:2630: checking std::distance 
configure:2665: g++ -o conftest -I./../.. -I./../../libs/config/test -g -O2 -DBOOST_NO_CONFIG   conftest.cpp -lm -lpthread  >&5
configure:2668: $? = 0
configure:2674: ./conftest
configure:2677: $? = 0
configure:2679: result: OK
configure:2630: checking std::iterator_traits 
configure:2665: g++ -o conftest -I./../.. -I./../../libs/config/test -g -O2 -DBOOST_NO_CONFIG   conftest.cpp -lm -lpthread  >&5
configure:2668: $? = 0
configure:2674: ./conftest
configure:2677: $? = 0
configure:2679: result: OK
configure:2630: checking std::iterator 
configure:2665: g++ -o conftest -I./../.. -I./../../libs/config/test -g -O2 -DBOOST_NO_CONFIG   conftest.cpp -lm -lpthread  >&5
configure:2668: $? = 0
configure:2674: ./conftest
configure:2677: $? = 0
configure:2679: result: OK
configure:2630: checking std::locale 
configure:2665: g++ -o conftest -I./../.. -I./../../libs/config/test -g -O2 -DBOOST_NO_CONFIG   conftest.cpp -lm -lpthread  >&5
configure:2668: $? = 0
configure:2674: ./conftest
configure:2677: $? = 0
configure:2679: result: OK
configure:2630: checking std::messages<charT> 
configure:2665: g++ -o conftest -I./../.. -I./../../libs/config/test -g -O2 -DBOOST_NO_CONFIG   conftest.cpp -lm -lpthread  >&5
configure:2668: $? = 0
configure:2674: ./conftest
configure:2677: $? = 0
configure:2679: result: OK
configure:2630: checking std::min and std::max 
configure:2665: g++ -o conftest -I./../.. -I./../../libs/config/test -g -O2 -DBOOST_NO_CONFIG   conftest.cpp -lm -lpthread  >&5
configure:2668: $? = 0
configure:2674: ./conftest
configure:2677: $? = 0
configure:2679: result: OK
configure:2630: checking That the std output iterators are assignable 
configure:2665: g++ -o conftest -I./../.. -I./../../libs/config/test -g -O2 -DBOOST_NO_CONFIG   conftest.cpp -lm -lpthread  >&5
configure:2668: $? = 0
configure:2674: ./conftest
configure:2677: $? = 0
configure:2679: result: OK
configure:2630: checking type_info not in namespace std 
configure:2665: g++ -o conftest -I./../.. -I./../../libs/config/test -g -O2 -DBOOST_NO_CONFIG   conftest.cpp -lm -lpthread  >&5
configure:2668: $? = 0
configure:2674: ./conftest
configure:2677: $? = 0
configure:2679: result: OK
configure:2630: checking std::use_facet 
configure:2665: g++ -o conftest -I./../.. -I./../../libs/config/test -g -O2 -DBOOST_NO_CONFIG   conftest.cpp -lm -lpthread  >&5
configure:2668: $? = 0
configure:2674: ./conftest
configure:2677: $? = 0
configure:2679: result: OK
configure:2630: checking std::basic_streambuf<wchar_t> 
configure:2665: g++ -o conftest -I./../.. -I./../../libs/config/test -g -O2 -DBOOST_NO_CONFIG   conftest.cpp -lm -lpthread  >&5
configure:2668: $? = 0
configure:2674: ./conftest
configure:2677: $? = 0
configure:2679: result: OK
configure:2630: checking std::wstring 
configure:2665: g++ -o conftest -I./../.. -I./../../libs/config/test -g -O2 -DBOOST_NO_CONFIG   conftest.cpp -lm -lpthread  >&5
configure:2668: $? = 0
configure:2674: ./conftest
configure:2677: $? = 0
configure:2679: result: OK
configure:2630: checking std:: namespace for C API's 
configure:2665: g++ -o conftest -I./../.. -I./../../libs/config/test -g -O2 -DBOOST_NO_CONFIG   conftest.cpp -lm -lpthread  >&5
configure:2668: $? = 0
configure:2674: ./conftest
configure:2677: $? = 0
configure:2679: result: OK
configure:2630: checking swprintf 
configure:2665: g++ -o conftest -I./../.. -I./../../libs/config/test -g -O2 -DBOOST_NO_CONFIG   conftest.cpp -lm -lpthread  >&5
configure:2668: $? = 0
configure:2674: ./conftest
configure:2677: $? = 0
configure:2679: result: OK
configure:2630: checking local classes as template parameters 
configure:2665: g++ -o conftest -I./../.. -I./../../libs/config/test -g -O2 -DBOOST_NO_CONFIG   conftest.cpp -lm -lpthread  >&5
In file included from conftest.cpp:15:
./../../libs/config/test/boost_no_tem_local_classes.ipp:26:7: warning: template argument uses local type 'local_class' [-Wlocal-type-template-args]
    a<local_class> a1;
      ^~~~~~~~~~~
./../../libs/config/test/boost_no_tem_local_classes.ipp:28:5: warning: template argument uses local type 'local_class' [-Wlocal-type-template-args]
    f(local_obj);
    ^
2 warnings generated.
configure:2668: $? = 0
configure:2674: ./conftest
configure:2677: $? = 0
configure:2679: result: OK
configure:2630: checking C++0x template_aliases feature unavailable 
configure:2665: g++ -o conftest -I./../.. -I./../../libs/config/test -g -O2 -DBOOST_NO_CONFIG   conftest.cpp -lm -lpthread  >&5
In file included from conftest.cpp:15:
./../../libs/config/test/boost_no_template_aliases.ipp:15:14: warning: alias declarations are a C++11 extension [-Wc++11-extensions]
using PINT = void (*)(int);             // using plus C-style type
             ^
1 warning generated.
configure:2668: $? = 0
configure:2674: ./conftest
configure:2677: $? = 0
configure:2679: result: OK
configure:2630: checking basic_iostream<> 
configure:2665: g++ -o conftest -I./../.. -I./../../libs/config/test -g -O2 -DBOOST_NO_CONFIG   conftest.cpp -lm -lpthread  >&5
configure:2668: $? = 0
configure:2674: ./conftest
configure:2677: $? = 0
configure:2679: result: OK
configure:2630: checking template template paramters. 
configure:2665: g++ -o conftest -I./../.. -I./../../libs/config/test -g -O2 -DBOOST_NO_CONFIG   conftest.cpp -lm -lpthread  >&5
configure:2668: $? = 0
configure:2674: ./conftest
configure:2677: $? = 0
configure:2679: result: OK
configure:2630: checking Two phase name lookup 
configure:2665: g++ -o conftest -I./../.. -I./../../libs/config/test -g -O2 -DBOOST_NO_CONFIG   conftest.cpp -lm -lpthread  >&5
configure:2668: $? = 0
configure:2674: ./conftest
configure:2677: $? = 0
configure:2679: result: OK
configure:2630: checking typeid unavailable 
configure:2665: g++ -o conftest -I./../.. -I./../../libs/config/test -g -O2 -DBOOST_NO_CONFIG   conftest.cpp -lm -lpthread  >&5
configure:2668: $? = 0
configure:2674: ./conftest
configure:2677: $? = 0
configure:2679: result: OK
configure:2630: checking Use of typename keyword with constructors 
configure:2665: g++ -o conftest -I./../.. -I./../../libs/config/test -g -O2 -DBOOST_NO_CONFIG   conftest.cpp -lm -lpthread  >&5
configure:2668: $? = 0
configure:2674: ./conftest
configure:2677: $? = 0
configure:2679: result: OK
configure:2630: checking C++0x unicode literals unavailable 
configure:2665: g++ -o conftest -I./../.. -I./../../libs/config/test -g -O2 -DBOOST_NO_CONFIG   conftest.cpp -lm -lpthread  >&5
In file included from conftest.cpp:15:
./../../libs/config/test/boost_no_unicode_literals.ipp:20:20: error: use of undeclared identifier 'u8'
  const char* c8 = u8"";
                   ^
./../../libs/config/test/boost_no_unicode_literals.ipp:20:22: error: expected ';' at end of declaration
  const char* c8 = u8"";
                     ^
                     ;
./../../libs/config/test/boost_no_unicode_literals.ipp:21:25: error: use of undeclared identifier 'u'
  const char16_t* c16 = u"";
                        ^
./../../libs/config/test/boost_no_unicode_literals.ipp:21:26: error: expected ';' at end of declaration
  const char16_t* c16 = u"";
                         ^
                         ;
./../../libs/config/test/boost_no_unicode_literals.ipp:22:25: error: use of undeclared identifier 'U'
  const char32_t* c32 = U"";
                        ^
./../../libs/config/test/boost_no_unicode_literals.ipp:22:26: error: expected ';' at end of declaration
  const char32_t* c32 = U"";
                         ^
                         ;
6 errors generated.
configure:2668: $? = 1
configure: program exited with status 1
configure: failed program was:
| /* confdefs.h.  */
| #define PACKAGE_NAME ""
| #define PACKAGE_TARNAME ""
| #define PACKAGE_VERSION ""
| #define PACKAGE_STRING ""
| #define PACKAGE_BUGREPORT ""
| #define HAVE_LIBPTHREAD 1
| #define HAVE_LIBM 1
| /* end confdefs.h.  */
| 
| #include <boost/config.hpp>
| #include "test.hpp"
| 
| #if !defined(BOOST_NO_CXX11_UNICODE_LITERALS) || defined(BOOST_NO_CONFIG)
| #include "boost_no_unicode_literals.ipp"
| #else
| namespace boost_no_cxx11_unicode_literals = empty_boost;
| #endif
| 
| int main(){ return boost_no_cxx11_unicode_literals::test(); }
| 
configure:2688: result: Failed
configure:2630: checking C++0x unified initialization syntax unavailable 
configure:2665: g++ -o conftest -I./../.. -I./../../libs/config/test -g -O2 -DBOOST_NO_CONFIG   conftest.cpp -lm -lpthread  >&5
In file included from conftest.cpp:15:
./../../libs/config/test/boost_no_unified_init.ipp:25:38: error: expected member name or ';' after declaration specifiers
   AltStruct(int x, double y) : x_{x}, y_{y} {}
                                     ^
./../../libs/config/test/boost_no_unified_init.ipp:25:35: error: expected '('
   AltStruct(int x, double y) : x_{x}, y_{y} {}
                                  ^
./../../libs/config/test/boost_no_unified_init.ipp:25:37: error: expected ';' after expression
   AltStruct(int x, double y) : x_{x}, y_{y} {}
                                    ^
                                    ;
./../../libs/config/test/boost_no_unified_init.ipp:25:36: warning: expression result unused [-Wunused-value]
   AltStruct(int x, double y) : x_{x}, y_{y} {}
                                   ^
./../../libs/config/test/boost_no_unified_init.ipp:45:11: warning: generalized initializer lists are a C++11 extension [-Wc++11-extensions]
   return {"SomeName", 4}; //Note the lack of explicit type.
          ^~~~~~~~~~~~~~~
./../../libs/config/test/boost_no_unified_init.ipp:50:20: error: expected ';' at end of declaration
   BasicStruct var1{5, 3.2};
                   ^
                   ;
./../../libs/config/test/boost_no_unified_init.ipp:51:14: error: no matching constructor for initialization of 'boost_no_cxx11_unified_initialization_syntax::AltStruct'
   AltStruct var2{2, 4.3};
             ^
./../../libs/config/test/boost_no_unified_init.ipp:22:8: note: candidate constructor (the implicit copy constructor) not viable: requires 1 argument, but 0 were provided
struct AltStruct
       ^
./../../libs/config/test/boost_no_unified_init.ipp:25:4: note: candidate constructor not viable: requires 2 arguments, but 0 were provided
   AltStruct(int x, double y) : x_{x}, y_{y} {}
   ^
./../../libs/config/test/boost_no_unified_init.ipp:51:18: error: expected ';' at end of declaration
   AltStruct var2{2, 4.3};
                 ^
                 ;
./../../libs/config/test/boost_no_unified_init.ipp:55:15: error: expected ';' at end of declaration
   IdString id{"SomeName", 4};
              ^
              ;
2 warnings and 7 errors generated.
configure:2668: $? = 1
configure: program exited with status 1
configure: failed program was:
| /* confdefs.h.  */
| #define PACKAGE_NAME ""
| #define PACKAGE_TARNAME ""
| #define PACKAGE_VERSION ""
| #define PACKAGE_STRING ""
| #define PACKAGE_BUGREPORT ""
| #define HAVE_LIBPTHREAD 1
| #define HAVE_LIBM 1
| /* end confdefs.h.  */
| 
| #include <boost/config.hpp>
| #include "test.hpp"
| 
| #if !defined(BOOST_NO_CXX11_UNIFIED_INITIALIZATION_SYNTAX) || defined(BOOST_NO_CONFIG)
| #include "boost_no_unified_init.ipp"
| #else
| namespace boost_no_cxx11_unified_initialization_syntax = empty_boost;
| #endif
| 
| int main(){ return boost_no_cxx11_unified_initialization_syntax::test(); }
| 
configure:2688: result: Failed
configure:2630: checking broken ADL 
configure:2665: g++ -o conftest -I./../.. -I./../../libs/config/test -g -O2 -DBOOST_NO_CONFIG   conftest.cpp -lm -lpthread  >&5
configure:2668: $? = 0
configure:2674: ./conftest
configure:2677: $? = 0
configure:2679: result: OK
configure:2630: checking using declaration function overloads from a typename base 
configure:2665: g++ -o conftest -I./../.. -I./../../libs/config/test -g -O2 -DBOOST_NO_CONFIG   conftest.cpp -lm -lpthread  >&5
configure:2668: $? = 0
configure:2674: ./conftest
configure:2677: $? = 0
configure:2679: result: OK
configure:2630: checking using template declarations 
configure:2665: g++ -o conftest -I./../.. -I./../../libs/config/test -g -O2 -DBOOST_NO_CONFIG   conftest.cpp -lm -lpthread  >&5
configure:2668: $? = 0
configure:2674: ./conftest
configure:2677: $? = 0
configure:2679: result: OK
configure:2630: checking C++0x variadic macros unavailable 
configure:2665: g++ -o conftest -I./../.. -I./../../libs/config/test -g -O2 -DBOOST_NO_CONFIG   conftest.cpp -lm -lpthread  >&5
configure:2668: $? = 0
configure:2674: ./conftest
configure:2677: $? = 0
configure:2679: result: OK
configure:2630: checking C++0x variadic templates unavailable 
configure:2665: g++ -o conftest -I./../.. -I./../../libs/config/test -g -O2 -DBOOST_NO_CONFIG   conftest.cpp -lm -lpthread  >&5
In file included from conftest.cpp:15:
./../../libs/config/test/boost_no_variadic_templates.ipp:14:18: warning: variadic templates are a C++11 extension [-Wc++11-extensions]
template<typename... Elements> struct tuple {};
                 ^
1 warning generated.
configure:2668: $? = 0
configure:2674: ./conftest
configure:2677: $? = 0
configure:2679: result: OK
configure:2630: checking no void returns 
configure:2665: g++ -o conftest -I./../.. -I./../../libs/config/test -g -O2 -DBOOST_NO_CONFIG   conftest.cpp -lm -lpthread  >&5
configure:2668: $? = 0
configure:2674: ./conftest
configure:2677: $? = 0
configure:2679: result: OK
configure:2630: checking intrinsic wchar_t 
configure:2665: g++ -o conftest -I./../.. -I./../../libs/config/test -g -O2 -DBOOST_NO_CONFIG   conftest.cpp -lm -lpthread  >&5
configure:2668: $? = 0
configure:2674: ./conftest
configure:2677: $? = 0
configure:2679: result: OK
configure:2930: checking two argument version of use_facet
configure:2960: g++ -o conftest -I./../.. -I./../../libs/config/test -g -O2 -DBOOST_NO_CONFIG   conftest.cpp -lm -lpthread  >&5
In file included from conftest.cpp:14:
./../../libs/config/test/boost_has_2arg_use_facet.ipp:22:33: error: no matching function for call to 'use_facet'
   const std::ctype<char>& ct = std::use_facet(l, (std::ctype<char>*)0);
                                ^~~~~~~~~~~~~~
/Applications/Xcode.app/Contents/Developer/Toolchains/XcodeDefault.xctoolchain/usr/include/c++/v1/__locale:232:1: note: candidate function template not viable: requires single argument '__l', but 2 arguments were provided
use_facet(const locale& __l)
^
1 error generated.
configure:2963: $? = 1
configure: program exited with status 1
configure: failed program was:
| /* confdefs.h.  */
| #define PACKAGE_NAME ""
| #define PACKAGE_TARNAME ""
| #define PACKAGE_VERSION ""
| #define PACKAGE_STRING ""
| #define PACKAGE_BUGREPORT ""
| #define HAVE_LIBPTHREAD 1
| #define HAVE_LIBM 1
| /* end confdefs.h.  */
| 
| #include <boost/config.hpp>
| #include "test.hpp"
| 
| #include "boost_has_2arg_use_facet.ipp"
| 
| int main(){ return boost_has_two_arg_use_facet::test(); }
| 
configure:2987: result: no
configure:2930: checking BeOS Threads
configure:2960: g++ -o conftest -I./../.. -I./../../libs/config/test -g -O2 -DBOOST_NO_CONFIG   conftest.cpp -lm -lpthread  >&5
In file included from conftest.cpp:14:
./../../libs/config/test/boost_has_bethreads.ipp:12:10: fatal error: 'OS.h' file not found
#include <OS.h>
         ^~~~~~
1 error generated.
configure:2963: $? = 1
configure: program exited with status 1
configure: failed program was:
| /* confdefs.h.  */
| #define PACKAGE_NAME ""
| #define PACKAGE_TARNAME ""
| #define PACKAGE_VERSION ""
| #define PACKAGE_STRING ""
| #define PACKAGE_BUGREPORT ""
| #define HAVE_LIBPTHREAD 1
| #define HAVE_LIBM 1
| /* end confdefs.h.  */
| 
| #include <boost/config.hpp>
| #include "test.hpp"
| 
| #include "boost_has_bethreads.ipp"
| 
| int main(){ return boost_has_bethreads::test(); }
| 
configure:2987: result: no
configure:2930: checking clock_gettime
configure:2960: g++ -o conftest -I./../.. -I./../../libs/config/test -g -O2 -DBOOST_NO_CONFIG   conftest.cpp -lm -lpthread  >&5
configure:2963: $? = 0
configure:2969: ./conftest
configure:2972: $? = 0
configure:2975: result: Yes
configure:2930: checking detect_mismatch pragma
configure:2960: g++ -o conftest -I./../.. -I./../../libs/config/test -g -O2 -DBOOST_NO_CONFIG   conftest.cpp -lm -lpthread  >&5
configure:2963: $? = 0
configure:2969: ./conftest
configure:2972: $? = 0
configure:2975: result: Yes
configure:2930: checking <dirent.h>
configure:2960: g++ -o conftest -I./../.. -I./../../libs/config/test -g -O2 -DBOOST_NO_CONFIG   conftest.cpp -lm -lpthread  >&5
configure:2963: $? = 0
configure:2969: ./conftest
configure:2972: $? = 0
configure:2975: result: Yes
configure:2930: checking expm1
configure:2960: g++ -o conftest -I./../.. -I./../../libs/config/test -g -O2 -DBOOST_NO_CONFIG   conftest.cpp -lm -lpthread  >&5
configure:2963: $? = 0
configure:2969: ./conftest
configure:2972: $? = 0
configure:2975: result: Yes
configure:2930: checking __float128
configure:2960: g++ -o conftest -I./../.. -I./../../libs/config/test -g -O2 -DBOOST_NO_CONFIG   conftest.cpp -lm -lpthread  >&5
In file included from conftest.cpp:14:
./../../libs/config/test/boost_has_float128.ipp:20:18: error: __float128 is not supported on this target
   __extension__ __float128 big_float = 0.0Q;
                 ^
1 error generated.
configure:2963: $? = 1
configure: program exited with status 1
configure: failed program was:
| /* confdefs.h.  */
| #define PACKAGE_NAME ""
| #define PACKAGE_TARNAME ""
| #define PACKAGE_VERSION ""
| #define PACKAGE_STRING ""
| #define PACKAGE_BUGREPORT ""
| #define HAVE_LIBPTHREAD 1
| #define HAVE_LIBM 1
| /* end confdefs.h.  */
| 
| #include <boost/config.hpp>
| #include "test.hpp"
| 
| #include "boost_has_float128.ipp"
| 
| int main(){ return boost_has_float128::test(); }
| 
configure:2987: result: no
configure:2930: checking The platform has FTIME.
configure:2960: g++ -o conftest -I./../.. -I./../../libs/config/test -g -O2 -DBOOST_NO_CONFIG   conftest.cpp -lm -lpthread  >&5
In file included from conftest.cpp:14:
./../../libs/config/test/boost_has_ftime.ipp:12:10: fatal error: 'windows.h' file not found
#include <windows.h>
         ^~~~~~~~~~~
1 error generated.
configure:2963: $? = 1
configure: program exited with status 1
configure: failed program was:
| /* confdefs.h.  */
| #define PACKAGE_NAME ""
| #define PACKAGE_TARNAME ""
| #define PACKAGE_VERSION ""
| #define PACKAGE_STRING ""
| #define PACKAGE_BUGREPORT ""
| #define HAVE_LIBPTHREAD 1
| #define HAVE_LIBM 1
| /* end confdefs.h.  */
| 
| #include <boost/config.hpp>
| #include "test.hpp"
| 
| #include "boost_has_ftime.ipp"
| 
| int main(){ return boost_has_ftime::test(); }
| 
configure:2987: result: no
configure:2930: checking GetSystemTimeAsFileTime
configure:2960: g++ -o conftest -I./../.. -I./../../libs/config/test -g -O2 -DBOOST_NO_CONFIG   conftest.cpp -lm -lpthread  >&5
In file included from conftest.cpp:14:
./../../libs/config/test/boost_has_getsystemtimeasfiletime.ipp:12:10: fatal error: 'windows.h' file not found
#include <windows.h>
         ^~~~~~~~~~~
1 error generated.
configure:2963: $? = 1
configure: program exited with status 1
configure: failed program was:
| /* confdefs.h.  */
| #define PACKAGE_NAME ""
| #define PACKAGE_TARNAME ""
| #define PACKAGE_VERSION ""
| #define PACKAGE_STRING ""
| #define PACKAGE_BUGREPORT ""
| #define HAVE_LIBPTHREAD 1
| #define HAVE_LIBM 1
| /* end confdefs.h.  */
| 
| #include <boost/config.hpp>
| #include "test.hpp"
| 
| #include "boost_has_getsystemtimeasfiletime.ipp"
| 
| int main(){ return boost_has_getsystemtimeasfiletime::test(); }
| 
configure:2987: result: no
configure:2930: checking gettimeofday
configure:2960: g++ -o conftest -I./../.. -I./../../libs/config/test -g -O2 -DBOOST_NO_CONFIG   conftest.cpp -lm -lpthread  >&5
configure:2963: $? = 0
configure:2969: ./conftest
configure:2972: $? = 0
configure:2975: result: Yes
configure:2930: checking <hashset> and <hashmap>
configure:2960: g++ -o conftest -I./../.. -I./../../libs/config/test -g -O2 -DBOOST_NO_CONFIG   conftest.cpp -lm -lpthread  >&5
In file included from conftest.cpp:14:
./../../libs/config/test/boost_has_hash.ipp:27:10: fatal error: 'hash_set' file not found
#include <hash_set>
         ^~~~~~~~~~
1 error generated.
configure:2963: $? = 1
configure: program exited with status 1
configure: failed program was:
| /* confdefs.h.  */
| #define PACKAGE_NAME ""
| #define PACKAGE_TARNAME ""
| #define PACKAGE_VERSION ""
| #define PACKAGE_STRING ""
| #define PACKAGE_BUGREPORT ""
| #define HAVE_LIBPTHREAD 1
| #define HAVE_LIBM 1
| /* end confdefs.h.  */
| 
| #include <boost/config.hpp>
| #include "test.hpp"
| 
| #include "boost_has_hash.ipp"
| 
| int main(){ return boost_has_hash::test(); }
| 
configure:2987: result: no
configure:2930: checking __int128
configure:2960: g++ -o conftest -I./../.. -I./../../libs/config/test -g -O2 -DBOOST_NO_CONFIG   conftest.cpp -lm -lpthread  >&5
configure:2963: $? = 0
configure:2969: ./conftest
configure:2972: $? = 0
configure:2975: result: Yes
configure:2930: checking log1p
configure:2960: g++ -o conftest -I./../.. -I./../../libs/config/test -g -O2 -DBOOST_NO_CONFIG   conftest.cpp -lm -lpthread  >&5
configure:2963: $? = 0
configure:2969: ./conftest
configure:2972: $? = 0
configure:2975: result: Yes
configure:2930: checking long long
configure:2960: g++ -o conftest -I./../.. -I./../../libs/config/test -g -O2 -DBOOST_NO_CONFIG   conftest.cpp -lm -lpthread  >&5
configure:2963: $? = 0
configure:2969: ./conftest
configure:2972: $? = 0
configure:2975: result: Yes
configure:2930: checking macro version of use_facet: _USE
configure:2960: g++ -o conftest -I./../.. -I./../../libs/config/test -g -O2 -DBOOST_NO_CONFIG   conftest.cpp -lm -lpthread  >&5
In file included from conftest.cpp:14:
./../../libs/config/test/boost_has_macro_use_facet.ipp:17:2: error: "macro _USE not defined"
#error "macro _USE not defined"
 ^
./../../libs/config/test/boost_has_macro_use_facet.ipp:25:62: error: expected '(' for function-style cast or type construction
   const std::ctype<char>& ct = std::_USE(l, std::ctype<char>);
                                             ~~~~~~~~~~~~~~~~^
./../../libs/config/test/boost_has_macro_use_facet.ipp:25:38: error: no member named '_USE' in namespace 'std'
   const std::ctype<char>& ct = std::_USE(l, std::ctype<char>);
                                ~~~~~^
3 errors generated.
configure:2963: $? = 1
configure: program exited with status 1
configure: failed program was:
| /* confdefs.h.  */
| #define PACKAGE_NAME ""
| #define PACKAGE_TARNAME ""
| #define PACKAGE_VERSION ""
| #define PACKAGE_STRING ""
| #define PACKAGE_BUGREPORT ""
| #define HAVE_LIBPTHREAD 1
| #define HAVE_LIBM 1
| /* end confdefs.h.  */
| 
| #include <boost/config.hpp>
| #include "test.hpp"
| 
| #include "boost_has_macro_use_facet.ipp"
| 
| int main(){ return boost_has_macro_use_facet::test(); }
| 
configure:2987: result: no
configure:2930: checking __int64
configure:2960: g++ -o conftest -I./../.. -I./../../libs/config/test -g -O2 -DBOOST_NO_CONFIG   conftest.cpp -lm -lpthread  >&5
In file included from conftest.cpp:14:
./../../libs/config/test/boost_has_ms_int64.ipp:19:4: error: unknown type name '__int64'; did you mean '__int64_t'?
   __int64 lli = 0i64;
   ^~~~~~~
   __int64_t
/Applications/Xcode.app/Contents/Developer/Platforms/MacOSX.platform/Developer/SDKs/MacOSX10.14.sdk/usr/include/i386/_types.h:46:33: note: '__int64_t' declared here
typedef long long               __int64_t;
                                ^
In file included from conftest.cpp:14:
./../../libs/config/test/boost_has_ms_int64.ipp:19:19: error: invalid suffix 'i64' on integer constant
   __int64 lli = 0i64;
                  ^
./../../libs/config/test/boost_has_ms_int64.ipp:20:20: error: expected ';' at end of declaration
   unsigned __int64 ulli = 0ui64;
                   ^
                   ;
./../../libs/config/test/boost_has_ms_int64.ipp:22:10: error: use of undeclared identifier 'ulli'
   (void)ulli;
         ^
4 errors generated.
configure:2963: $? = 1
configure: program exited with status 1
configure: failed program was:
| /* confdefs.h.  */
| #define PACKAGE_NAME ""
| #define PACKAGE_TARNAME ""
| #define PACKAGE_VERSION ""
| #define PACKAGE_STRING ""
| #define PACKAGE_BUGREPORT ""
| #define HAVE_LIBPTHREAD 1
| #define HAVE_LIBM 1
| /* end confdefs.h.  */
| 
| #include <boost/config.hpp>
| #include "test.hpp"
| 
| #include "boost_has_ms_int64.ipp"
| 
| int main(){ return boost_has_ms_int64::test(); }
| 
configure:2987: result: no
configure:2930: checking nanosleep
configure:2960: g++ -o conftest -I./../.. -I./../../libs/config/test -g -O2 -DBOOST_NO_CONFIG   conftest.cpp -lm -lpthread  >&5
configure:2963: $? = 0
configure:2969: ./conftest
configure:2972: $? = 0
configure:2975: result: Yes
configure:2930: checking <nl_types.h>
configure:2960: g++ -o conftest -I./../.. -I./../../libs/config/test -g -O2 -DBOOST_NO_CONFIG   conftest.cpp -lm -lpthread  >&5
configure:2963: $? = 0
configure:2969: ./conftest
configure:2972: $? = 0
configure:2975: result: Yes
configure:2930: checking Named return value optimisation.
configure:2960: g++ -o conftest -I./../.. -I./../../libs/config/test -g -O2 -DBOOST_NO_CONFIG   conftest.cpp -lm -lpthread  >&5
configure:2963: $? = 0
configure:2969: ./conftest
configure:2972: $? = 0
configure:2975: result: Yes
configure:2930: checking limited std::allocator support
configure:2960: g++ -o conftest -I./../.. -I./../../libs/config/test -g -O2 -DBOOST_NO_CONFIG   conftest.cpp -lm -lpthread  >&5
configure:2963: $? = 0
configure:2969: ./conftest
configure:2972: $? = 0
configure:2975: result: Yes
configure:2930: checking pthread_delay_np
configure:2960: g++ -o conftest -I./../.. -I./../../libs/config/test -g -O2 -DBOOST_NO_CONFIG   conftest.cpp -lm -lpthread  >&5
In file included from conftest.cpp:14:
./../../libs/config/test/boost_has_pthread_delay_np.ipp:22:15: error: use of undeclared identifier 'pthread_delay_np'
    int res = pthread_delay_np(&ts);
              ^
1 error generated.
configure:2963: $? = 1
configure: program exited with status 1
configure: failed program was:
| /* confdefs.h.  */
| #define PACKAGE_NAME ""
| #define PACKAGE_TARNAME ""
| #define PACKAGE_VERSION ""
| #define PACKAGE_STRING ""
| #define PACKAGE_BUGREPORT ""
| #define HAVE_LIBPTHREAD 1
| #define HAVE_LIBM 1
| /* end confdefs.h.  */
| 
| #include <boost/config.hpp>
| #include "test.hpp"
| 
| #include "boost_has_pthread_delay_np.ipp"
| 
| int main(){ return boost_has_pthread_delay_np::test(); }
| 
configure:2987: result: no
configure:2930: checking pthread_mutexattr_settype
configure:2960: g++ -o conftest -I./../.. -I./../../libs/config/test -g -O2 -DBOOST_NO_CONFIG   conftest.cpp -lm -lpthread  >&5
configure:2963: $? = 0
configure:2969: ./conftest
configure:2972: $? = 0
configure:2975: result: Yes
configure:2930: checking pthread_yield
configure:2960: g++ -o conftest -I./../.. -I./../../libs/config/test -g -O2 -DBOOST_NO_CONFIG   conftest.cpp -lm -lpthread  >&5
In file included from conftest.cpp:14:
./../../libs/config/test/boost_has_pthread_yield.ipp:20:15: error: use of undeclared identifier 'pthread_yield'
    int res = pthread_yield();
              ^
1 error generated.
configure:2963: $? = 1
configure: program exited with status 1
configure: failed program was:
| /* confdefs.h.  */
| #define PACKAGE_NAME ""
| #define PACKAGE_TARNAME ""
| #define PACKAGE_VERSION ""
| #define PACKAGE_STRING ""
| #define PACKAGE_BUGREPORT ""
| #define HAVE_LIBPTHREAD 1
| #define HAVE_LIBM 1
| /* end confdefs.h.  */
| 
| #include <boost/config.hpp>
| #include "test.hpp"
| 
| #include "boost_has_pthread_yield.ipp"
| 
| int main(){ return boost_has_pthread_yield::test(); }
| 
configure:2987: result: no
configure:2930: checking POSIX Threads
configure:2960: g++ -o conftest -I./../.. -I./../../libs/config/test -g -O2 -DBOOST_NO_CONFIG   conftest.cpp -lm -lpthread  >&5
configure:2963: $? = 0
configure:2969: ./conftest
configure:2972: $? = 0
configure:2975: result: Yes
configure:2930: checking rvalue references
configure:2960: g++ -o conftest -I./../.. -I./../../libs/config/test -g -O2 -DBOOST_NO_CONFIG   conftest.cpp -lm -lpthread  >&5
In file included from conftest.cpp:14:
./../../libs/config/test/boost_has_rvalue_refs.ipp:17:20: warning: rvalue references are a C++11 extension [-Wc++11-extensions]
void forward(F f, T&& t) { f(static_cast<T&&>(t)); }
                   ^
./../../libs/config/test/boost_has_rvalue_refs.ipp:17:43: warning: rvalue references are a C++11 extension [-Wc++11-extensions]
void forward(F f, T&& t) { f(static_cast<T&&>(t)); }
                                          ^
2 warnings generated.
configure:2963: $? = 0
configure:2969: ./conftest
configure:2972: $? = 0
configure:2975: result: Yes
configure:2930: checking sched_yield
configure:2960: g++ -o conftest -I./../.. -I./../../libs/config/test -g -O2 -DBOOST_NO_CONFIG   conftest.cpp -lm -lpthread  >&5
configure:2963: $? = 0
configure:2969: ./conftest
configure:2972: $? = 0
configure:2975: result: Yes
configure:2930: checking SGI style <type_traits.h>
configure:2960: g++ -o conftest -I./../.. -I./../../libs/config/test -g -O2 -DBOOST_NO_CONFIG   conftest.cpp -lm -lpthread  >&5
In file included from conftest.cpp:14:
./../../libs/config/test/boost_has_sgi_type_traits.ipp:12:10: fatal error: 'type_traits.h' file not found
#include <type_traits.h>
         ^~~~~~~~~~~~~~~
1 error generated.
configure:2963: $? = 1
configure: program exited with status 1
configure: failed program was:
| /* confdefs.h.  */
| #define PACKAGE_NAME ""
| #define PACKAGE_TARNAME ""
| #define PACKAGE_VERSION ""
| #define PACKAGE_STRING ""
| #define PACKAGE_BUGREPORT ""
| #define HAVE_LIBPTHREAD 1
| #define HAVE_LIBM 1
| /* end confdefs.h.  */
| 
| #include <boost/config.hpp>
| #include "test.hpp"
| 
| #include "boost_has_sgi_type_traits.ipp"
| 
| int main(){ return boost_has_sgi_type_traits::test(); }
| 
configure:2987: result: no
configure:2930: checking sigaction
configure:2960: g++ -o conftest -I./../.. -I./../../libs/config/test -g -O2 -DBOOST_NO_CONFIG   conftest.cpp -lm -lpthread  >&5
configure:2963: $? = 0
configure:2969: ./conftest
configure:2972: $? = 0
configure:2975: result: Yes
configure:2930: checking <slist>
configure:2960: g++ -o conftest -I./../.. -I./../../libs/config/test -g -O2 -DBOOST_NO_CONFIG   conftest.cpp -lm -lpthread  >&5
In file included from conftest.cpp:14:
./../../libs/config/test/boost_has_slist.ipp:16:10: fatal error: 'slist' file not found
#include <slist>
         ^~~~~~~
1 error generated.
configure:2963: $? = 1
configure: program exited with status 1
configure: failed program was:
| /* confdefs.h.  */
| #define PACKAGE_NAME ""
| #define PACKAGE_TARNAME ""
| #define PACKAGE_VERSION ""
| #define PACKAGE_STRING ""
| #define PACKAGE_BUGREPORT ""
| #define HAVE_LIBPTHREAD 1
| #define HAVE_LIBM 1
| /* end confdefs.h.  */
| 
| #include <boost/config.hpp>
| #include "test.hpp"
| 
| #include "boost_has_slist.ipp"
| 
| int main(){ return boost_has_slist::test(); }
| 
configure:2987: result: no
configure:2930: checking static assertions
configure:2960: g++ -o conftest -I./../.. -I./../../libs/config/test -g -O2 -DBOOST_NO_CONFIG   conftest.cpp -lm -lpthread  >&5
configure:2963: $? = 0
configure:2969: ./conftest
configure:2972: $? = 0
configure:2975: result: Yes
configure:2930: checking stdint.h
configure:2960: g++ -o conftest -I./../.. -I./../../libs/config/test -g -O2 -DBOOST_NO_CONFIG   conftest.cpp -lm -lpthread  >&5
configure:2963: $? = 0
configure:2969: ./conftest
configure:2972: $? = 0
configure:2975: result: Yes
configure:2930: checking STLport version of use_facet
configure:2960: g++ -o conftest -I./../.. -I./../../libs/config/test -g -O2 -DBOOST_NO_CONFIG   conftest.cpp -lm -lpthread  >&5
In file included from conftest.cpp:14:
./../../libs/config/test/boost_has_stlp_use_facet.ipp:22:39: error: no template named '_Use_facet' in namespace 'std'; did you mean 'use_facet'?
   const std::ctype<char>& ct = *std::_Use_facet<std::ctype<char> >(l);
                                 ~~~~~^~~~~~~~~~
                                      use_facet
/Applications/Xcode.app/Contents/Developer/Toolchains/XcodeDefault.xctoolchain/usr/include/c++/v1/__locale:232:1: note: 'use_facet' declared here
use_facet(const locale& __l)
^
In file included from conftest.cpp:14:
./../../libs/config/test/boost_has_stlp_use_facet.ipp:22:33: error: indirection requires pointer operand ('const std::__1::ctype<char>' invalid)
   const std::ctype<char>& ct = *std::_Use_facet<std::ctype<char> >(l);
                                ^~~~~~~~~~~~~~~~~~~~~~~~~~~~~~~~~~~~~~
2 errors generated.
configure:2963: $? = 1
configure: program exited with status 1
configure: failed program was:
| /* confdefs.h.  */
| #define PACKAGE_NAME ""
| #define PACKAGE_TARNAME ""
| #define PACKAGE_VERSION ""
| #define PACKAGE_STRING ""
| #define PACKAGE_BUGREPORT ""
| #define HAVE_LIBPTHREAD 1
| #define HAVE_LIBM 1
| /* end confdefs.h.  */
| 
| #include <boost/config.hpp>
| #include "test.hpp"
| 
| #include "boost_has_stlp_use_facet.ipp"
| 
| int main(){ return boost_has_stlp_use_facet::test(); }
| 
configure:2987: result: no
configure:2930: checking <unistd.h>
configure:2960: g++ -o conftest -I./../.. -I./../../libs/config/test -g -O2 -DBOOST_NO_CONFIG   conftest.cpp -lm -lpthread  >&5
configure:2963: $? = 0
configure:2969: ./conftest
configure:2972: $? = 0
configure:2975: result: Yes
configure:2930: checking variadic templates
configure:2960: g++ -o conftest -I./../.. -I./../../libs/config/test -g -O2 -DBOOST_NO_CONFIG   conftest.cpp -lm -lpthread  >&5
In file included from conftest.cpp:14:
./../../libs/config/test/boost_has_variadic_tmpl.ipp:14:18: warning: variadic templates are a C++11 extension [-Wc++11-extensions]
template<typename... Elements> struct tuple {};
                 ^
1 warning generated.
configure:2963: $? = 0
configure:2969: ./conftest
configure:2972: $? = 0
configure:2975: result: Yes
configure:2930: checking microsoft member templates
configure:2960: g++ -o conftest -I./../.. -I./../../libs/config/test -g -O2 -DBOOST_NO_CONFIG   conftest.cpp -lm -lpthread  >&5
configure:2963: $? = 0
configure:2969: ./conftest
configure:2972: $? = 0
configure:2975: result: Yes
configure:2930: checking microsoft's version of std::iterator
configure:2960: g++ -o conftest -I./../.. -I./../../libs/config/test -g -O2 -DBOOST_NO_CONFIG   conftest.cpp -lm -lpthread  >&5
In file included from conftest.cpp:14:
./../../libs/config/test/boost_has_vc_iterator.ipp:23:17: error: too many template arguments for class template 'reverse_iterator'
   typedef std::reverse_iterator<const char*, const char> r_it;
                ^                                   ~~~~~
/Applications/Xcode.app/Contents/Developer/Toolchains/XcodeDefault.xctoolchain/usr/include/c++/v1/iterator:632:28: note: template is declared here
class _LIBCPP_TEMPLATE_VIS reverse_iterator
                           ^
1 error generated.
configure:2963: $? = 1
configure: program exited with status 1
configure: failed program was:
| /* confdefs.h.  */
| #define PACKAGE_NAME ""
| #define PACKAGE_TARNAME ""
| #define PACKAGE_VERSION ""
| #define PACKAGE_STRING ""
| #define PACKAGE_BUGREPORT ""
| #define HAVE_LIBPTHREAD 1
| #define HAVE_LIBM 1
| /* end confdefs.h.  */
| 
| #include <boost/config.hpp>
| #include "test.hpp"
| 
| #include "boost_has_vc_iterator.ipp"
| 
| int main(){ return boost_msvc_std_iterator::test(); }
| 
configure:2987: result: no
configure:2930: checking MS Windows threads
configure:2960: g++ -o conftest -I./../.. -I./../../libs/config/test -g -O2 -DBOOST_NO_CONFIG   conftest.cpp -lm -lpthread  >&5
In file included from conftest.cpp:14:
./../../libs/config/test/boost_has_winthreads.ipp:12:10: fatal error: 'windows.h' file not found
#include <windows.h>
         ^~~~~~~~~~~
1 error generated.
configure:2963: $? = 1
configure: program exited with status 1
configure: failed program was:
| /* confdefs.h.  */
| #define PACKAGE_NAME ""
| #define PACKAGE_TARNAME ""
| #define PACKAGE_VERSION ""
| #define PACKAGE_STRING ""
| #define PACKAGE_BUGREPORT ""
| #define HAVE_LIBPTHREAD 1
| #define HAVE_LIBM 1
| /* end confdefs.h.  */
| 
| #include <boost/config.hpp>
| #include "test.hpp"
| 
| #include "boost_has_winthreads.ipp"
| 
| int main(){ return boost_has_winthreads::test(); }
| 
configure:2987: result: no
configure:3085: checking original configuration 
Clang version 10.0.1 (clang-1001.0.46.4)
    __cplusplus                             =199711L
    __STDC__                                =1
    __GNUC__                                =4
    __GNUC_MINOR__                          =2
    __GNUC_PATCHLEVEL__                     =1
    __GNUG__                                =4
    __VERSION__                             ="4.2.1 Compatible Apple LLVM 10.0.1 (clang-1001.0.46.4)"
    __OPTIMIZE__                            =1
    __REGISTER_PREFIX__                      [no value]
    __USER_LABEL_PREFIX__                   =_
    __EXCEPTIONS                            =1
    __GXX_RTTI                              =1
    __amd64__                               =1
    __LP64__                                =1
    __MACH__                                =1
    __APPLE__                               =1
    __APPLE_CC__                            =6000
    __clang__                               =1
    __clang_major__                         =10
    __clang_minor__                         =0
    __clang_version__                       ="10.0.1 (clang-1001.0.46.4)"
    __clang_patchlevel__                    =1
    __STDC_HOSTED__                         =1


*********************************************************************

libc++ version 7000
    _LIBCPP_VERSION                         =7000


*********************************************************************

Detected Platform: Mac OS
    Type char is signed
    Type wchar_t is signed
    byte order for type short               =0 8 
    byte order for type int                 =0 8 16 24 
    byte order for type long                =0 8 16 24 32 40 48 56 
    sizeof(wchar_t)                         =4
    sizeof(short)                           =2
    sizeof(int)                             =4
    sizeof(long)                            =8
    sizeof(size_t)                          =8
    sizeof(ptrdiff_t)                       =8
    sizeof(void*)                           =8
    sizeof(void(*)(void))                   =8
    sizeof(float)                           =4
    sizeof(double)                          =8
    sizeof(long double)                     =16
    CHAR_BIT                                =8
    CHAR_MAX                                =127
    WCHAR_MAX                               =2147483647
    SHRT_MAX                                =32767
    INT_MAX                                 =2147483647
    LONG_MAX                                =9223372036854775807L
    LLONG_MAX                               =0x7fffffffffffffffLL
    LONG_LONG_MAX                           =9223372036854775807LL
    ULLONG_MAX                              =0xffffffffffffffffULL
    ULONG_LONG_MAX                          =(9223372036854775807LL*2ULL+1ULL)
    _POSIX_ADVISORY_INFO                    =(-1)
    _POSIX_ASYNCHRONOUS_IO                  =(-1)
    _POSIX_BARRIERS                         =(-1)
    _POSIX_CHOWN_RESTRICTED                 =200112L
    _POSIX_CLOCK_SELECTION                  =(-1)
    _POSIX_CPUTIME                          =(-1)
    _POSIX_FSYNC                            =200112L
    _POSIX_JOB_CONTROL                      =200112L
    _POSIX_MAPPED_FILES                     =200112L
    _POSIX_MEMLOCK                          =(-1)
    _POSIX_MEMLOCK_RANGE                    =(-1)
    _POSIX_MEMORY_PROTECTION                =200112L
    _POSIX_MESSAGE_PASSING                  =(-1)
    _POSIX_MONOTONIC_CLOCK                  =(-1)
    _POSIX_NO_TRUNC                         =200112L
    _POSIX_PRIORITIZED_IO                   =(-1)
    _POSIX_PRIORITY_SCHEDULING              =(-1)
    _POSIX_RAW_SOCKETS                      =(-1)
    _POSIX_READER_WRITER_LOCKS              =200112L
    _POSIX_REALTIME_SIGNALS                 =(-1)
    _POSIX_REGEXP                           =200112L
    _POSIX_SAVED_IDS                        =200112L
    _POSIX_SEMAPHORES                       =(-1)
    _POSIX_SHARED_MEMORY_OBJECTS            =(-1)
    _POSIX_SHELL                            =200112L
    _POSIX_SPAWN                            =(-1)
    _POSIX_SPIN_LOCKS                       =(-1)
    _POSIX_SPORADIC_SERVER                  =(-1)
    _POSIX_SYNCHRONIZED_IO                  =(-1)
    _POSIX_THREAD_ATTR_STACKADDR            =200112L
    _POSIX_THREAD_ATTR_STACKSIZE            =200112L
    _POSIX_THREAD_CPUTIME                   =(-1)
    _POSIX_THREAD_PRIO_INHERIT              =(-1)
    _POSIX_THREAD_PRIO_PROTECT              =(-1)
    _POSIX_THREAD_PRIORITY_SCHEDULING       =(-1)
    _POSIX_THREAD_PROCESS_SHARED            =200112L
    _POSIX_THREAD_SAFE_FUNCTIONS            =200112L
    _POSIX_THREAD_SPORADIC_SERVER           =(-1)
    _POSIX_THREADS                          =200112L
    _POSIX_TIMEOUTS                         =(-1)
    _POSIX_TIMERS                           =(-1)
    _POSIX_TRACE                            =(-1)
    _POSIX_TRACE_EVENT_FILTER               =(-1)
    _POSIX_TRACE_INHERIT                    =(-1)
    _POSIX_TRACE_LOG                        =(-1)
    _POSIX_TYPED_MEMORY_OBJECTS             =(-1)
    _POSIX_VDISABLE                         =((unsigned char)'\377')
    _POSIX_VERSION                          =200112L
    _POSIX2_C_BIND                          =200112L
    _POSIX2_C_DEV                           =200112L
    _POSIX2_CHAR_TERM                       =200112L
    _POSIX2_FORT_DEV                        =(-1)
    _POSIX2_FORT_RUN                        =200112L
    _POSIX2_LOCALEDEF                       =200112L
    _POSIX2_PBS                             =(-1)
    _POSIX2_PBS_ACCOUNTING                  =(-1)
    _POSIX2_PBS_CHECKPOINT                  =(-1)
    _POSIX2_PBS_LOCATE                      =(-1)
    _POSIX2_PBS_MESSAGE                     =(-1)
    _POSIX2_PBS_TRACK                       =(-1)
    _POSIX2_SW_DEV                          =200112L
    _POSIX2_UPE                             =200112L
    _POSIX2_VERSION                         =200112L
    _V6_ILP32_OFF32                         =(-1)
    _V6_ILP32_OFFBIG                        =(1)
    _V6_LP64_OFF64                          =(1)
    _V6_LPBIG_OFFBIG                        =(1)
    _XBS5_ILP32_OFF32                       =(-1)
    _XBS5_ILP32_OFFBIG                      =(1)
    _XBS5_LP64_OFF64                        =(1)
    _XBS5_LPBIG_OFFBIG                      =(1)
    _XOPEN_CRYPT                            =(1)
    _XOPEN_ENH_I18N                         =(1)
    _XOPEN_LEGACY                           =(-1)
    _XOPEN_REALTIME                         =(-1)
    _XOPEN_REALTIME_THREADS                 =(-1)
    _XOPEN_SHM                              =(1)
    _XOPEN_STREAMS                          =(-1)
    _XOPEN_UNIX                             =(1)
    _XOPEN_VERSION                          =600


*********************************************************************

Boost version 107000
    BOOST_COMPILER_CONFIG                   ="boost/config/compiler/clang.hpp"
    BOOST_STDLIB_CONFIG                     ="boost/config/stdlib/libcpp.hpp"
    BOOST_PLATFORM_CONFIG                   ="boost/config/platform/macos.hpp"
    BOOST_NO_USER_CONFIG                    =1
    BOOST_HAS_THREADS                        [no value]
    BOOST_DEDUCED_TYPENAME                  =typename
    BOOST_HAS_DIRENT_H                       [no value]
    BOOST_HAS_EXPM1                          [no value]
    BOOST_HAS_GETTIMEOFDAY                   [no value]
    BOOST_HAS_INT128                         [no value]
    BOOST_HAS_LOG1P                          [no value]
    BOOST_HAS_LONG_LONG                      [no value]
    BOOST_HAS_NANOSLEEP                      [no value]
    BOOST_HAS_NL_TYPES_H                     [no value]
    BOOST_HAS_NRVO                           [no value]
    BOOST_HAS_PARTIAL_STD_ALLOCATOR          [no value]
    BOOST_HAS_PTHREADS                       [no value]
    BOOST_HAS_PTHREAD_MUTEXATTR_SETTYPE      [no value]
    BOOST_HAS_SCHED_YIELD                    [no value]
    BOOST_HAS_SIGACTION                      [no value]
    BOOST_HAS_STDINT_H                       [no value]
    BOOST_HAS_UNISTD_H                       [no value]
    BOOST_MSVC6_MEMBER_TEMPLATES             [no value]
    BOOST_NO_CXX11_ADDRESSOF                 [no value]
    BOOST_NO_CXX11_ALIGNAS                   [no value]
    BOOST_NO_CXX11_ALLOCATOR                 [no value]
    BOOST_NO_CXX11_ATOMIC_SMART_PTR          [no value]
    BOOST_NO_CXX11_AUTO_DECLARATIONS         [no value]
    BOOST_NO_CXX11_AUTO_MULTIDECLARATIONS    [no value]
    BOOST_NO_CXX11_CHAR16_T                  [no value]
    BOOST_NO_CXX11_CHAR32_T                  [no value]
    BOOST_NO_CXX11_CONSTEXPR                 [no value]
    BOOST_NO_CXX11_DECLTYPE                  [no value]
    BOOST_NO_CXX11_DECLTYPE_N3276            [no value]
    BOOST_NO_CXX11_DEFAULTED_FUNCTIONS       [no value]
    BOOST_NO_CXX11_DEFAULTED_MOVES           [no value]
    BOOST_NO_CXX11_DELETED_FUNCTIONS         [no value]
    BOOST_NO_CXX11_EXPLICIT_CONVERSION_OPERATORS [no value]
    BOOST_NO_CXX11_FINAL                     [no value]
    BOOST_NO_CXX11_FIXED_LENGTH_VARIADIC_TEMPLATE_EXPANSION_PACKS [no value]
    BOOST_NO_CXX11_FUNCTION_TEMPLATE_DEFAULT_ARGS [no value]
    BOOST_NO_CXX11_HDR_ATOMIC                [no value]
    BOOST_NO_CXX11_HDR_CHRONO                [no value]
    BOOST_NO_CXX11_HDR_CODECVT               [no value]
    BOOST_NO_CXX11_HDR_CONDITION_VARIABLE    [no value]
    BOOST_NO_CXX11_HDR_FUNCTIONAL            [no value]
    BOOST_NO_CXX11_HDR_FUTURE                [no value]
    BOOST_NO_CXX11_HDR_INITIALIZER_LIST      [no value]
    BOOST_NO_CXX11_HDR_MUTEX                 [no value]
    BOOST_NO_CXX11_HDR_RANDOM                [no value]
    BOOST_NO_CXX11_HDR_RATIO                 [no value]
    BOOST_NO_CXX11_HDR_REGEX                 [no value]
    BOOST_NO_CXX11_HDR_SYSTEM_ERROR          [no value]
    BOOST_NO_CXX11_HDR_THREAD                [no value]
    BOOST_NO_CXX11_HDR_TUPLE                 [no value]
    BOOST_NO_CXX11_HDR_TYPEINDEX             [no value]
    BOOST_NO_CXX11_HDR_TYPE_TRAITS           [no value]
    BOOST_NO_CXX11_HDR_UNORDERED_MAP         [no value]
    BOOST_NO_CXX11_HDR_UNORDERED_SET         [no value]
    BOOST_NO_CXX11_INLINE_NAMESPACES         [no value]
    BOOST_NO_CXX11_LAMBDAS                   [no value]
    BOOST_NO_CXX11_LOCAL_CLASS_TEMPLATE_PARAMETERS [no value]
    BOOST_NO_CXX11_NOEXCEPT                  [no value]
    BOOST_NO_CXX11_NON_PUBLIC_DEFAULTED_FUNCTIONS [no value]
    BOOST_NO_CXX11_NULLPTR                   [no value]
    BOOST_NO_CXX11_NUMERIC_LIMITS            [no value]
    BOOST_NO_CXX11_POINTER_TRAITS            [no value]
    BOOST_NO_CXX11_RANGE_BASED_FOR           [no value]
    BOOST_NO_CXX11_RAW_LITERALS              [no value]
    BOOST_NO_CXX11_REF_QUALIFIERS            [no value]
    BOOST_NO_CXX11_RVALUE_REFERENCES         [no value]
    BOOST_NO_CXX11_SCOPED_ENUMS              [no value]
    BOOST_NO_CXX11_SFINAE_EXPR               [no value]
    BOOST_NO_CXX11_SMART_PTR                 [no value]
    BOOST_NO_CXX11_STATIC_ASSERT             [no value]
    BOOST_NO_CXX11_STD_ALIGN                 [no value]
    BOOST_NO_CXX11_TEMPLATE_ALIASES          [no value]
    BOOST_NO_CXX11_THREAD_LOCAL              [no value]
    BOOST_NO_CXX11_TRAILING_RESULT_TYPES     [no value]
    BOOST_NO_CXX11_UNICODE_LITERALS          [no value]
    BOOST_NO_CXX11_UNIFIED_INITIALIZATION_SYNTAX [no value]
    BOOST_NO_CXX11_USER_DEFINED_LITERALS     [no value]
    BOOST_NO_CXX11_VARIADIC_TEMPLATES        [no value]
    BOOST_NO_CXX14_AGGREGATE_NSDMI           [no value]
    BOOST_NO_CXX14_CONSTEXPR                 [no value]
    BOOST_NO_CXX14_DECLTYPE_AUTO             [no value]
    BOOST_NO_CXX14_DIGIT_SEPARATORS          [no value]
    BOOST_NO_CXX14_GENERIC_LAMBDAS           [no value]
    BOOST_NO_CXX14_HDR_SHARED_MUTEX          [no value]
    BOOST_NO_CXX14_INITIALIZED_LAMBDA_CAPTURES [no value]
    BOOST_NO_CXX14_RETURN_TYPE_DEDUCTION     [no value]
    BOOST_NO_CXX14_STD_EXCHANGE              [no value]
    BOOST_NO_CXX14_VARIABLE_TEMPLATES        [no value]
    BOOST_NO_CXX17_FOLD_EXPRESSIONS          [no value]
    BOOST_NO_CXX17_HDR_OPTIONAL              [no value]
    BOOST_NO_CXX17_HDR_STRING_VIEW           [no value]
    BOOST_NO_CXX17_IF_CONSTEXPR              [no value]
    BOOST_NO_CXX17_INLINE_VARIABLES          [no value]
    BOOST_NO_CXX17_ITERATOR_TRAITS           [no value]
    BOOST_NO_CXX17_STD_APPLY                 [no value]
    BOOST_NO_CXX17_STD_INVOKE                [no value]
    BOOST_NO_CXX17_STRUCTURED_BINDINGS       [no value]
    BOOST_NO_MS_INT64_NUMERIC_LIMITS         [no value]
    BOOST_STD_EXTENSION_NAMESPACE           =std
    BOOST_UNREACHABLE_RETURN(0)             =__builtin_unreachable();
    BOOST_CONSTEXPR                          [no value]
    BOOST_CONSTEXPR_OR_CONST                =const
    BOOST_STATIC_CONSTEXPR                  =static const
    BOOST_NOEXCEPT                           [no value]
    BOOST_FORCEINLINE                       =inline __attribute__ ((__always_inline__))
    BOOST_NOINLINE                          =__attribute__ ((__noinline__))
    BOOST_FALLTHROUGH                       =((void)0)
    BOOST_MAY_ALIAS                         =__attribute__((__may_alias__))


*********************************************************************

    __cpp_threadsafe_static_init            =200806L
    __cpp_rtti                              =199711L
    __cpp_exceptions                        =199711L
configure:3090: result: done
configure:3092: checking new configuration 
Unknown ISO C++ Compiler
    __cplusplus                             =199711L
    __STDC__                                =1
    __GNUC__                                =4
    __GNUC_MINOR__                          =2
    __GNUC_PATCHLEVEL__                     =1
    __GNUG__                                =4
    __VERSION__                             ="4.2.1 Compatible Apple LLVM 10.0.1 (clang-1001.0.46.4)"
    __OPTIMIZE__                            =1
    __REGISTER_PREFIX__                      [no value]
    __USER_LABEL_PREFIX__                   =_
    __EXCEPTIONS                            =1
    __GXX_RTTI                              =1
    __amd64__                               =1
    __LP64__                                =1
    __MACH__                                =1
    __APPLE__                               =1
    __APPLE_CC__                            =6000
    __clang__                               =1
    __clang_major__                         =10
    __clang_minor__                         =0
    __clang_version__                       ="10.0.1 (clang-1001.0.46.4)"
    __clang_patchlevel__                    =1
    __STDC_HOSTED__                         =1


*********************************************************************

Unknown ISO standard library
    _LIBCPP_VERSION                         =7000


*********************************************************************

Detected Platform: Unknown
    Type char is signed
    Type wchar_t is signed
    byte order for type short               =0 8 
    byte order for type int                 =0 8 16 24 
    byte order for type long                =0 8 16 24 32 40 48 56 
    sizeof(wchar_t)                         =4
    sizeof(short)                           =2
    sizeof(int)                             =4
    sizeof(long)                            =8
    sizeof(size_t)                          =8
    sizeof(ptrdiff_t)                       =8
    sizeof(void*)                           =8
    sizeof(void(*)(void))                   =8
    sizeof(float)                           =4
    sizeof(double)                          =8
    sizeof(long double)                     =16
    CHAR_BIT                                =8
    CHAR_MAX                                =127
    WCHAR_MAX                               =2147483647
    SHRT_MAX                                =32767
    INT_MAX                                 =2147483647
    LONG_MAX                                =9223372036854775807L
    LLONG_MAX                               =0x7fffffffffffffffLL
    LONG_LONG_MAX                           =9223372036854775807LL
    ULLONG_MAX                              =0xffffffffffffffffULL
    ULONG_LONG_MAX                          =(9223372036854775807LL*2ULL+1ULL)
    _POSIX_ADVISORY_INFO                    =(-1)
    _POSIX_ASYNCHRONOUS_IO                  =(-1)
    _POSIX_BARRIERS                         =(-1)
    _POSIX_CHOWN_RESTRICTED                 =200112L
    _POSIX_CLOCK_SELECTION                  =(-1)
    _POSIX_CPUTIME                          =(-1)
    _POSIX_FSYNC                            =200112L
    _POSIX_JOB_CONTROL                      =200112L
    _POSIX_MAPPED_FILES                     =200112L
    _POSIX_MEMLOCK                          =(-1)
    _POSIX_MEMLOCK_RANGE                    =(-1)
    _POSIX_MEMORY_PROTECTION                =200112L
    _POSIX_MESSAGE_PASSING                  =(-1)
    _POSIX_MONOTONIC_CLOCK                  =(-1)
    _POSIX_NO_TRUNC                         =200112L
    _POSIX_PRIORITIZED_IO                   =(-1)
    _POSIX_PRIORITY_SCHEDULING              =(-1)
    _POSIX_RAW_SOCKETS                      =(-1)
    _POSIX_READER_WRITER_LOCKS              =200112L
    _POSIX_REALTIME_SIGNALS                 =(-1)
    _POSIX_REGEXP                           =200112L
    _POSIX_SAVED_IDS                        =200112L
    _POSIX_SEMAPHORES                       =(-1)
    _POSIX_SHARED_MEMORY_OBJECTS            =(-1)
    _POSIX_SHELL                            =200112L
    _POSIX_SPAWN                            =(-1)
    _POSIX_SPIN_LOCKS                       =(-1)
    _POSIX_SPORADIC_SERVER                  =(-1)
    _POSIX_SYNCHRONIZED_IO                  =(-1)
    _POSIX_THREAD_ATTR_STACKADDR            =200112L
    _POSIX_THREAD_ATTR_STACKSIZE            =200112L
    _POSIX_THREAD_CPUTIME                   =(-1)
    _POSIX_THREAD_PRIO_INHERIT              =(-1)
    _POSIX_THREAD_PRIO_PROTECT              =(-1)
    _POSIX_THREAD_PRIORITY_SCHEDULING       =(-1)
    _POSIX_THREAD_PROCESS_SHARED            =200112L
    _POSIX_THREAD_SAFE_FUNCTIONS            =200112L
    _POSIX_THREAD_SPORADIC_SERVER           =(-1)
    _POSIX_THREADS                          =200112L
    _POSIX_TIMEOUTS                         =(-1)
    _POSIX_TIMERS                           =(-1)
    _POSIX_TRACE                            =(-1)
    _POSIX_TRACE_EVENT_FILTER               =(-1)
    _POSIX_TRACE_INHERIT                    =(-1)
    _POSIX_TRACE_LOG                        =(-1)
    _POSIX_TYPED_MEMORY_OBJECTS             =(-1)
    _POSIX_VDISABLE                         =((unsigned char)'\377')
    _POSIX_VERSION                          =200112L
    _POSIX2_C_BIND                          =200112L
    _POSIX2_C_DEV                           =200112L
    _POSIX2_CHAR_TERM                       =200112L
    _POSIX2_FORT_DEV                        =(-1)
    _POSIX2_FORT_RUN                        =200112L
    _POSIX2_LOCALEDEF                       =200112L
    _POSIX2_PBS                             =(-1)
    _POSIX2_PBS_ACCOUNTING                  =(-1)
    _POSIX2_PBS_CHECKPOINT                  =(-1)
    _POSIX2_PBS_LOCATE                      =(-1)
    _POSIX2_PBS_MESSAGE                     =(-1)
    _POSIX2_PBS_TRACK                       =(-1)
    _POSIX2_SW_DEV                          =200112L
    _POSIX2_UPE                             =200112L
    _POSIX2_VERSION                         =200112L
    _V6_ILP32_OFF32                         =(-1)
    _V6_ILP32_OFFBIG                        =(1)
    _V6_LP64_OFF64                          =(1)
    _V6_LPBIG_OFFBIG                        =(1)
    _XBS5_ILP32_OFF32                       =(-1)
    _XBS5_ILP32_OFFBIG                      =(1)
    _XBS5_LP64_OFF64                        =(1)
    _XBS5_LPBIG_OFFBIG                      =(1)
    _XOPEN_CRYPT                            =(1)
    _XOPEN_ENH_I18N                         =(1)
    _XOPEN_LEGACY                           =(-1)
    _XOPEN_REALTIME                         =(-1)
    _XOPEN_REALTIME_THREADS                 =(-1)
    _XOPEN_SHM                              =(1)
    _XOPEN_STREAMS                          =(-1)
    _XOPEN_UNIX                             =(1)
    _XOPEN_VERSION                          =600


*********************************************************************

Boost version 107000
    BOOST_USER_CONFIG                       ="user.hpp"
    BOOST_NO_CONFIG                          [no value]
    BOOST_HAS_THREADS                        [no value]
    BOOST_DEDUCED_TYPENAME                  =typename
    BOOST_HAS_CLOCK_GETTIME                  [no value]
    BOOST_HAS_DIRENT_H                       [no value]
    BOOST_HAS_EXPM1                          [no value]
    BOOST_HAS_GETTIMEOFDAY                   [no value]
    BOOST_HAS_INT128                         [no value]
    BOOST_HAS_LOG1P                          [no value]
    BOOST_HAS_LONG_LONG                      [no value]
    BOOST_HAS_NANOSLEEP                      [no value]
    BOOST_HAS_NL_TYPES_H                     [no value]
    BOOST_HAS_NRVO                           [no value]
    BOOST_HAS_PARTIAL_STD_ALLOCATOR          [no value]
    BOOST_HAS_PRAGMA_DETECT_MISMATCH         [no value]
    BOOST_HAS_PTHREADS                       [no value]
    BOOST_HAS_PTHREAD_MUTEXATTR_SETTYPE      [no value]
    BOOST_HAS_RVALUE_REFS                    [no value]
    BOOST_HAS_SCHED_YIELD                    [no value]
    BOOST_HAS_SIGACTION                      [no value]
    BOOST_HAS_STATIC_ASSERT                  [no value]
    BOOST_HAS_STDINT_H                       [no value]
    BOOST_HAS_UNISTD_H                       [no value]
    BOOST_HAS_VARIADIC_TMPL                  [no value]
    BOOST_MSVC6_MEMBER_TEMPLATES             [no value]
    BOOST_NO_CXX11_ALIGNAS                   [no value]
    BOOST_NO_CXX11_ALLOCATOR                 [no value]
    BOOST_NO_CXX11_CONSTEXPR                 [no value]
    BOOST_NO_CXX11_DEFAULTED_FUNCTIONS       [no value]
    BOOST_NO_CXX11_DEFAULTED_MOVES           [no value]
    BOOST_NO_CXX11_DELETED_FUNCTIONS         [no value]
    BOOST_NO_CXX11_EXPLICIT_CONVERSION_OPERATORS [no value]
    BOOST_NO_CXX11_HDR_ATOMIC                [no value]
    BOOST_NO_CXX11_HDR_FUNCTIONAL            [no value]
    BOOST_NO_CXX11_HDR_FUTURE                [no value]
    BOOST_NO_CXX11_HDR_INITIALIZER_LIST      [no value]
    BOOST_NO_CXX11_HDR_TUPLE                 [no value]
    BOOST_NO_CXX11_HDR_TYPE_TRAITS           [no value]
    BOOST_NO_CXX11_LAMBDAS                   [no value]
    BOOST_NO_CXX11_NOEXCEPT                  [no value]
    BOOST_NO_CXX11_NON_PUBLIC_DEFAULTED_FUNCTIONS [no value]
    BOOST_NO_CXX11_NULLPTR                   [no value]
    BOOST_NO_CXX11_POINTER_TRAITS            [no value]
    BOOST_NO_CXX11_RAW_LITERALS              [no value]
    BOOST_NO_CXX11_SFINAE_EXPR               [no value]
    BOOST_NO_CXX11_THREAD_LOCAL              [no value]
    BOOST_NO_CXX11_TRAILING_RESULT_TYPES     [no value]
    BOOST_NO_CXX11_UNICODE_LITERALS          [no value]
    BOOST_NO_CXX11_UNIFIED_INITIALIZATION_SYNTAX [no value]
    BOOST_NO_CXX11_USER_DEFINED_LITERALS     [no value]
    BOOST_NO_CXX14_AGGREGATE_NSDMI           [no value]
    BOOST_NO_CXX14_CONSTEXPR                 [no value]
    BOOST_NO_CXX14_DIGIT_SEPARATORS          [no value]
    BOOST_NO_CXX14_GENERIC_LAMBDAS           [no value]
    BOOST_NO_CXX14_HDR_SHARED_MUTEX          [no value]
    BOOST_NO_CXX14_INITIALIZED_LAMBDA_CAPTURES [no value]
    BOOST_NO_CXX14_RETURN_TYPE_DEDUCTION     [no value]
    BOOST_NO_CXX14_STD_EXCHANGE              [no value]
    BOOST_NO_CXX17_FOLD_EXPRESSIONS          [no value]
    BOOST_NO_CXX17_HDR_OPTIONAL              [no value]
    BOOST_NO_CXX17_IF_CONSTEXPR              [no value]
    BOOST_NO_CXX17_STD_APPLY                 [no value]
    BOOST_NO_CXX17_STD_INVOKE                [no value]
    BOOST_NO_CXX17_STRUCTURED_BINDINGS       [no value]
    BOOST_NO_MS_INT64_NUMERIC_LIMITS         [no value]
    BOOST_STD_EXTENSION_NAMESPACE           =std
    BOOST_UNREACHABLE_RETURN(0)              [no value]
    BOOST_CONSTEXPR                          [no value]
    BOOST_CONSTEXPR_OR_CONST                =const
    BOOST_STATIC_CONSTEXPR                  =static const
    BOOST_NOEXCEPT                           [no value]
    BOOST_FORCEINLINE                       =inline __attribute__ ((__always_inline__))
    BOOST_NOINLINE                          =__attribute__ ((__noinline__))
    BOOST_FALLTHROUGH                       =((void)0)
    BOOST_MAY_ALIAS                          [no value]
    BOOST_NO_MAY_ALIAS                       [no value]


*********************************************************************

    __cpp_threadsafe_static_init            =200806L
    __cpp_rtti                              =199711L
    __cpp_exceptions                        =199711L
configure:3097: result: done
configure:3160: creating ./config.status

## ---------------------- ##
## Running config.status. ##
## ---------------------- ##

This file was extended by config.status, which was
generated by GNU Autoconf 2.61.  Invocation command line was

  CONFIG_FILES    = 
  CONFIG_HEADERS  = 
  CONFIG_LINKS    = 
  CONFIG_COMMANDS = 
  $ ./config.status 

on Lees-MacBook-Pro.local

config.status:726: executing default commands

## ---------------- ##
## Cache variables. ##
## ---------------- ##

ac_cv_cxx_compiler_gnu=yes
ac_cv_env_CCC_set=
ac_cv_env_CCC_value=
ac_cv_env_CPPFLAGS_set=
ac_cv_env_CPPFLAGS_value=
ac_cv_env_CXXFLAGS_set=
ac_cv_env_CXXFLAGS_value=
ac_cv_env_CXX_set=
ac_cv_env_CXX_value=
ac_cv_env_LDFLAGS_set=
ac_cv_env_LDFLAGS_value=
ac_cv_env_LIBS_set=
ac_cv_env_LIBS_value=
ac_cv_env_build_alias_set=
ac_cv_env_build_alias_value=
ac_cv_env_host_alias_set=
ac_cv_env_host_alias_value=
ac_cv_env_target_alias_set=
ac_cv_env_target_alias_value=
ac_cv_lib_m_cos=yes
ac_cv_lib_pthread_pthread_exit=yes
ac_cv_lib_rt_clock=no
ac_cv_objext=o
ac_cv_prog_ac_ct_CXX=g++
ac_cv_prog_cxx_g=yes

## ----------------- ##
## Output variables. ##
## ----------------- ##

CPPFLAGS=''
CXX='g++'
CXXFLAGS='-I./../.. -I./../../libs/config/test -g -O2 -DBOOST_NO_CONFIG'
DEFS='-DPACKAGE_NAME=\"\" -DPACKAGE_TARNAME=\"\" -DPACKAGE_VERSION=\"\" -DPACKAGE_STRING=\"\" -DPACKAGE_BUGREPORT=\"\" -DHAVE_LIBPTHREAD=1 -DHAVE_LIBM=1'
ECHO_C='ECHO_N=''
ECHO_T=''
EXEEXT=''
LDFLAGS=''
LIBOBJS=''
LIBS='-lm -lpthread '
LTLIBOBJS=''
OBJEXT='o'
PACKAGE_BUGREPORT=''
PACKAGE_NAME=''
PACKAGE_STRING=''
PACKAGE_TARNAME=''
PACKAGE_VERSION=''
PATH_SEPARATOR=':'
SHELL='/bin/sh'
ac_ct_CXX='g++'
bindir='${exec_prefix}/bin'
build_alias=''
datadir='${datarootdir}'
datarootdir='${prefix}/share'
docdir='${datarootdir}/doc/${PACKAGE}'
dvidir='${docdir}'
exec_prefix='${prefix}'
host_alias=''
htmldir='${docdir}'
includedir='${prefix}/include'
infodir='${datarootdir}/info'
libdir='${exec_prefix}/lib'
libexecdir='${exec_prefix}/libexec'
localedir='${datarootdir}/locale'
localstatedir='${prefix}/var'
mandir='${datarootdir}/man'
oldincludedir='/usr/include'
pdfdir='${docdir}'
prefix='/usr/local'
program_transform_name='s,x,x,'
psdir='${docdir}'
sbindir='${exec_prefix}/sbin'
sharedstatedir='${prefix}/com'
sysconfdir='${prefix}/etc'
target_alias=''

## ----------- ##
## confdefs.h. ##
## ----------- ##

#define PACKAGE_NAME ""
#define PACKAGE_TARNAME ""
#define PACKAGE_VERSION ""
#define PACKAGE_STRING ""
#define PACKAGE_BUGREPORT ""
#define HAVE_LIBPTHREAD 1
#define HAVE_LIBM 1

configure: exit 0
